{"D:\\proyectos\\saasodontologico\\frontend\\react-app\\src\\app\\config\\constants.js": {"path":"D:\\proyectos\\saasodontologico\\frontend\\react-app\\src\\app\\config\\constants.js","statementMap":{"0":{"start":{"line":1,"column":23},"end":{"line":13,"column":null}},"1":{"start":{"line":15,"column":32},"end":{"line":19,"column":null}},"2":{"start":{"line":21,"column":38},"end":{"line":57,"column":null}},"3":{"start":{"line":59,"column":33},"end":{"line":65,"column":null}}},"fnMap":{},"branchMap":{},"s":{"0":2,"1":2,"2":2,"3":2},"f":{},"b":{},"meta":{"lastBranch":0,"lastFunction":0,"lastStatement":4,"seen":{"s:1:23:13:Infinity":0,"s:15:32:19:Infinity":1,"s:21:38:57:Infinity":2,"s:59:33:65:Infinity":3}}}
,"D:\\proyectos\\saasodontologico\\frontend\\react-app\\src\\app\\config\\env.js": {"path":"D:\\proyectos\\saasodontologico\\frontend\\react-app\\src\\app\\config\\env.js","statementMap":{"0":{"start":{"line":1,"column":29},"end":{"line":1,"column":null}},"1":{"start":{"line":4,"column":2},"end":{"line":4,"column":null}},"2":{"start":{"line":7,"column":29},"end":{"line":7,"column":79}},"3":{"start":{"line":9,"column":19},"end":{"line":10,"column":null}},"4":{"start":{"line":13,"column":30},"end":{"line":13,"column":null}}},"fnMap":{"0":{"name":"normalizeBaseUrl","decl":{"start":{"line":3,"column":9},"end":{"line":3,"column":26}},"loc":{"start":{"line":3,"column":33},"end":{"line":4,"column":null}},"line":3}},"branchMap":{"0":{"loc":{"start":{"line":4,"column":16},"end":{"line":4,"column":28}},"type":"binary-expr","locations":[{"start":{"line":4,"column":16},"end":{"line":4,"column":25}},{"start":{"line":4,"column":25},"end":{"line":4,"column":28}}],"line":4},"1":{"loc":{"start":{"line":10,"column":14},"end":{"line":10,"column":null}},"type":"binary-expr","locations":[{"start":{"line":10,"column":14},"end":{"line":10,"column":38}},{"start":{"line":10,"column":38},"end":{"line":10,"column":null}}],"line":10}},"s":{"0":5,"1":5,"2":5,"3":5,"4":5},"f":{"0":5},"b":{"0":[5,5],"1":[5,5]},"meta":{"lastBranch":2,"lastFunction":1,"lastStatement":5,"seen":{"s:1:29:1:Infinity":0,"f:3:9:3:26":0,"s:4:2:4:Infinity":1,"b:4:16:4:25:4:25:4:28":0,"s:7:29:7:79":2,"s:9:19:10:Infinity":3,"b:10:14:10:38:10:38:10:Infinity":1,"s:13:30:13:Infinity":4}}}
,"D:\\proyectos\\saasodontologico\\frontend\\react-app\\src\\app\\providers\\RouterViewModelContext.jsx": {"path":"D:\\proyectos\\saasodontologico\\frontend\\react-app\\src\\app\\providers\\RouterViewModelContext.jsx","statementMap":{"0":{"start":{"line":3,"column":6},"end":{"line":3,"column":50}},"1":{"start":{"line":6,"column":2},"end":{"line":9,"column":null}},"2":{"start":{"line":14,"column":8},"end":{"line":14,"column":52}},"3":{"start":{"line":15,"column":2},"end":{"line":16,"column":null}},"4":{"start":{"line":16,"column":4},"end":{"line":16,"column":null}},"5":{"start":{"line":18,"column":2},"end":{"line":18,"column":null}}},"fnMap":{"0":{"name":"RouterViewModelProvider","decl":{"start":{"line":5,"column":16},"end":{"line":5,"column":40}},"loc":{"start":{"line":5,"column":61},"end":{"line":9,"column":null}},"line":5},"1":{"name":"useRouterViewModel","decl":{"start":{"line":13,"column":16},"end":{"line":13,"column":37}},"loc":{"start":{"line":13,"column":37},"end":{"line":18,"column":null}},"line":13}},"branchMap":{"0":{"loc":{"start":{"line":15,"column":2},"end":{"line":16,"column":null}},"type":"if","locations":[{"start":{"line":15,"column":2},"end":{"line":16,"column":null}},{"start":{},"end":{}}],"line":15}},"s":{"0":5,"1":11,"2":15,"3":15,"4":2,"5":12},"f":{"0":11,"1":15},"b":{"0":[2,13]},"meta":{"lastBranch":1,"lastFunction":2,"lastStatement":6,"seen":{"s:3:6:3:50":0,"f:5:16:5:40":0,"s:6:2:9:Infinity":1,"f:13:16:13:37":1,"s:14:8:14:52":2,"b:15:2:16:Infinity:undefined:undefined:undefined:undefined":0,"s:15:2:16:Infinity":3,"s:16:4:16:Infinity":4,"s:18:2:18:Infinity":5}}}
,"D:\\proyectos\\saasodontologico\\frontend\\react-app\\src\\app\\router\\AppRouter.jsx": {"path":"D:\\proyectos\\saasodontologico\\frontend\\react-app\\src\\app\\router\\AppRouter.jsx","statementMap":{"0":{"start":{"line":8,"column":54},"end":{"line":8,"column":102}},"1":{"start":{"line":10,"column":2},"end":{"line":30,"column":null}}},"fnMap":{"0":{"name":"AppRouter","decl":{"start":{"line":7,"column":9},"end":{"line":7,"column":19}},"loc":{"start":{"line":7,"column":31},"end":{"line":30,"column":null}},"line":7}},"branchMap":{"0":{"loc":{"start":{"line":7,"column":19},"end":{"line":7,"column":29}},"type":"default-arg","locations":[{"start":{"line":7,"column":27},"end":{"line":7,"column":29}}],"line":7},"1":{"loc":{"start":{"line":20,"column":9},"end":{"line":25,"column":9}},"type":"binary-expr","locations":[{"start":{"line":20,"column":9},"end":{"line":20,"column":null}},{"start":{"line":21,"column":10},"end":{"line":25,"column":9}}],"line":20}},"s":{"0":3,"1":3},"f":{"0":3},"b":{"0":[3],"1":[3,0]},"meta":{"lastBranch":2,"lastFunction":1,"lastStatement":2,"seen":{"f:7:9:7:19":0,"b:7:27:7:29":0,"s:8:54:8:102":0,"s:10:2:30:Infinity":1,"b:20:9:20:Infinity:21:10:25:9":1}}}
,"D:\\proyectos\\saasodontologico\\frontend\\react-app\\src\\app\\router\\AuthRoutes.jsx": {"path":"D:\\proyectos\\saasodontologico\\frontend\\react-app\\src\\app\\router\\AuthRoutes.jsx","statementMap":{"0":{"start":{"line":8,"column":2},"end":{"line":14,"column":null}}},"fnMap":{"0":{"name":"buildAuthRoutes","decl":{"start":{"line":7,"column":16},"end":{"line":7,"column":34}},"loc":{"start":{"line":7,"column":34},"end":{"line":14,"column":null}},"line":7}},"branchMap":{},"s":{"0":3},"f":{"0":3},"b":{},"meta":{"lastBranch":0,"lastFunction":1,"lastStatement":1,"seen":{"f:7:16:7:34":0,"s:8:2:14:Infinity":0}}}
,"D:\\proyectos\\saasodontologico\\frontend\\react-app\\src\\app\\router\\ProtectedAppRoute.jsx": {"path":"D:\\proyectos\\saasodontologico\\frontend\\react-app\\src\\app\\router\\ProtectedAppRoute.jsx","statementMap":{"0":{"start":{"line":6,"column":2},"end":{"line":14,"column":null}}},"fnMap":{"0":{"name":"buildProtectedAppRoute","decl":{"start":{"line":5,"column":16},"end":{"line":5,"column":39}},"loc":{"start":{"line":5,"column":60},"end":{"line":14,"column":null}},"line":5}},"branchMap":{},"s":{"0":3},"f":{"0":3},"b":{},"meta":{"lastBranch":0,"lastFunction":1,"lastStatement":1,"seen":{"f:5:16:5:39":0,"s:6:2:14:Infinity":0}}}
,"D:\\proyectos\\saasodontologico\\frontend\\react-app\\src\\app\\router\\ProtectedRoute.jsx": {"path":"D:\\proyectos\\saasodontologico\\frontend\\react-app\\src\\app\\router\\ProtectedRoute.jsx","statementMap":{"0":{"start":{"line":4,"column":2},"end":{"line":5,"column":null}},"1":{"start":{"line":5,"column":4},"end":{"line":5,"column":null}},"2":{"start":{"line":8,"column":2},"end":{"line":8,"column":null}}},"fnMap":{"0":{"name":"ProtectedRoute","decl":{"start":{"line":3,"column":9},"end":{"line":3,"column":24}},"loc":{"start":{"line":3,"column":72},"end":{"line":8,"column":null}},"line":3}},"branchMap":{"0":{"loc":{"start":{"line":3,"column":37},"end":{"line":3,"column":60}},"type":"default-arg","locations":[{"start":{"line":3,"column":50},"end":{"line":3,"column":60}}],"line":3},"1":{"loc":{"start":{"line":4,"column":2},"end":{"line":5,"column":null}},"type":"if","locations":[{"start":{"line":4,"column":2},"end":{"line":5,"column":null}},{"start":{},"end":{}}],"line":4}},"s":{"0":4,"1":2,"2":2},"f":{"0":4},"b":{"0":[4],"1":[2,2]},"meta":{"lastBranch":2,"lastFunction":1,"lastStatement":3,"seen":{"f:3:9:3:24":0,"b:3:50:3:60":0,"b:4:2:5:Infinity:undefined:undefined:undefined:undefined":1,"s:4:2:5:Infinity":0,"s:5:4:5:Infinity":1,"s:8:2:8:Infinity":2}}}
,"D:\\proyectos\\saasodontologico\\frontend\\react-app\\src\\components\\auth\\AuthLayout.jsx": {"path":"D:\\proyectos\\saasodontologico\\frontend\\react-app\\src\\components\\auth\\AuthLayout.jsx","statementMap":{"0":{"start":{"line":2,"column":2},"end":{"line":6,"column":null}}},"fnMap":{"0":{"name":"AuthLayout","decl":{"start":{"line":1,"column":9},"end":{"line":1,"column":20}},"loc":{"start":{"line":1,"column":51},"end":{"line":6,"column":null}},"line":1}},"branchMap":{},"s":{"0":6},"f":{"0":6},"b":{},"meta":{"lastBranch":0,"lastFunction":1,"lastStatement":1,"seen":{"f:1:9:1:20":0,"s:2:2:6:Infinity":0}}}
,"D:\\proyectos\\saasodontologico\\frontend\\react-app\\src\\components\\dashboard\\StatsGrid.jsx": {"path":"D:\\proyectos\\saasodontologico\\frontend\\react-app\\src\\components\\dashboard\\StatsGrid.jsx","statementMap":{"0":{"start":{"line":2,"column":2},"end":{"line":11,"column":null}},"1":{"start":{"line":3,"column":4},"end":{"line":11,"column":null}},"2":{"start":{"line":6,"column":10},"end":{"line":9,"column":null}},"3":{"start":{"line":15,"column":2},"end":{"line":19,"column":null}},"4":{"start":{"line":16,"column":4},"end":{"line":19,"column":null}},"5":{"start":{"line":23,"column":2},"end":{"line":31,"column":null}},"6":{"start":{"line":26,"column":8},"end":{"line":29,"column":null}}},"fnMap":{"0":{"name":"StatsGrid","decl":{"start":{"line":1,"column":9},"end":{"line":1,"column":19}},"loc":{"start":{"line":1,"column":51},"end":{"line":31,"column":null}},"line":1},"1":{"name":"(anonymous_1)","decl":{"start":{"line":5,"column":35},"end":{"line":5,"column":40}},"loc":{"start":{"line":6,"column":10},"end":{"line":9,"column":null}},"line":6},"2":{"name":"(anonymous_2)","decl":{"start":{"line":25,"column":15},"end":{"line":25,"column":20}},"loc":{"start":{"line":26,"column":8},"end":{"line":29,"column":null}},"line":26}},"branchMap":{"0":{"loc":{"start":{"line":1,"column":30},"end":{"line":1,"column":51}},"type":"default-arg","locations":[{"start":{"line":1,"column":42},"end":{"line":1,"column":51}}],"line":1},"1":{"loc":{"start":{"line":2,"column":2},"end":{"line":11,"column":null}},"type":"if","locations":[{"start":{"line":2,"column":2},"end":{"line":11,"column":null}},{"start":{},"end":{}}],"line":2},"2":{"loc":{"start":{"line":15,"column":2},"end":{"line":19,"column":null}},"type":"if","locations":[{"start":{"line":15,"column":2},"end":{"line":19,"column":null}},{"start":{},"end":{}}],"line":15}},"s":{"0":7,"1":4,"2":12,"3":3,"4":1,"5":2,"6":4},"f":{"0":7,"1":12,"2":4},"b":{"0":[7],"1":[4,3],"2":[1,2]},"meta":{"lastBranch":3,"lastFunction":3,"lastStatement":7,"seen":{"f:1:9:1:19":0,"b:1:42:1:51":0,"b:2:2:11:Infinity:undefined:undefined:undefined:undefined":1,"s:2:2:11:Infinity":0,"s:3:4:11:Infinity":1,"f:5:35:5:40":1,"s:6:10:9:Infinity":2,"b:15:2:19:Infinity:undefined:undefined:undefined:undefined":2,"s:15:2:19:Infinity":3,"s:16:4:19:Infinity":4,"s:23:2:31:Infinity":5,"f:25:15:25:20":2,"s:26:8:29:Infinity":6}}}
,"D:\\proyectos\\saasodontologico\\frontend\\react-app\\src\\components\\layout\\SessionHeader.jsx": {"path":"D:\\proyectos\\saasodontologico\\frontend\\react-app\\src\\components\\layout\\SessionHeader.jsx","statementMap":{"0":{"start":{"line":2,"column":2},"end":{"line":8,"column":null}}},"fnMap":{"0":{"name":"SessionHeader","decl":{"start":{"line":1,"column":9},"end":{"line":1,"column":23}},"loc":{"start":{"line":1,"column":47},"end":{"line":8,"column":null}},"line":1}},"branchMap":{"0":{"loc":{"start":{"line":6,"column":31},"end":{"line":6,"column":65}},"type":"binary-expr","locations":[{"start":{"line":6,"column":31},"end":{"line":6,"column":43}},{"start":{"line":6,"column":43},"end":{"line":6,"column":65}}],"line":6}},"s":{"0":5},"f":{"0":5},"b":{"0":[5,1]},"meta":{"lastBranch":1,"lastFunction":1,"lastStatement":1,"seen":{"f:1:9:1:23":0,"s:2:2:8:Infinity":0,"b:6:31:6:43:6:43:6:65":0}}}
,"D:\\proyectos\\saasodontologico\\frontend\\react-app\\src\\components\\layout\\Sidebar.jsx": {"path":"D:\\proyectos\\saasodontologico\\frontend\\react-app\\src\\components\\layout\\Sidebar.jsx","statementMap":{"0":{"start":{"line":4,"column":2},"end":{"line":16,"column":null}},"1":{"start":{"line":11,"column":10},"end":{"line":14,"column":null}}},"fnMap":{"0":{"name":"Sidebar","decl":{"start":{"line":3,"column":9},"end":{"line":3,"column":17}},"loc":{"start":{"line":3,"column":30},"end":{"line":16,"column":null}},"line":3},"1":{"name":"(anonymous_1)","decl":{"start":{"line":10,"column":17},"end":{"line":10,"column":22}},"loc":{"start":{"line":11,"column":10},"end":{"line":14,"column":null}},"line":11}},"branchMap":{"0":{"loc":{"start":{"line":13,"column":13},"end":{"line":13,"column":null}},"type":"binary-expr","locations":[{"start":{"line":13,"column":13},"end":{"line":13,"column":32}},{"start":{"line":13,"column":32},"end":{"line":13,"column":null}}],"line":13}},"s":{"0":7,"1":40},"f":{"0":7,"1":40},"b":{"0":[40,15]},"meta":{"lastBranch":1,"lastFunction":2,"lastStatement":2,"seen":{"f:3:9:3:17":0,"s:4:2:16:Infinity":0,"f:10:17:10:22":1,"s:11:10:14:Infinity":1,"b:13:13:13:32:13:32:13:Infinity":0}}}
,"D:\\proyectos\\saasodontologico\\frontend\\react-app\\src\\components\\layout\\Topbar.jsx": {"path":"D:\\proyectos\\saasodontologico\\frontend\\react-app\\src\\components\\layout\\Topbar.jsx","statementMap":{"0":{"start":{"line":2,"column":2},"end":{"line":15,"column":null}}},"fnMap":{"0":{"name":"Topbar","decl":{"start":{"line":1,"column":9},"end":{"line":1,"column":16}},"loc":{"start":{"line":1,"column":42},"end":{"line":15,"column":null}},"line":1}},"branchMap":{"0":{"loc":{"start":{"line":14,"column":9},"end":{"line":14,"column":null}},"type":"cond-expr","locations":[{"start":{"line":14,"column":29},"end":{"line":14,"column":45}},{"start":{"line":14,"column":45},"end":{"line":14,"column":null}}],"line":14}},"s":{"0":5},"f":{"0":5},"b":{"0":[4,1]},"meta":{"lastBranch":1,"lastFunction":1,"lastStatement":1,"seen":{"f:1:9:1:16":0,"s:2:2:15:Infinity":0,"b:14:29:14:45:14:45:14:Infinity":0}}}
,"D:\\proyectos\\saasodontologico\\frontend\\react-app\\src\\components\\ui\\EmptyState.jsx": {"path":"D:\\proyectos\\saasodontologico\\frontend\\react-app\\src\\components\\ui\\EmptyState.jsx","statementMap":{"0":{"start":{"line":2,"column":2},"end":{"line":5,"column":null}}},"fnMap":{"0":{"name":"EmptyState","decl":{"start":{"line":1,"column":9},"end":{"line":1,"column":20}},"loc":{"start":{"line":1,"column":33},"end":{"line":5,"column":null}},"line":1}},"branchMap":{},"s":{"0":5},"f":{"0":5},"b":{},"meta":{"lastBranch":0,"lastFunction":1,"lastStatement":1,"seen":{"f:1:9:1:20":0,"s:2:2:5:Infinity":0}}}
,"D:\\proyectos\\saasodontologico\\frontend\\react-app\\src\\components\\ui\\ErrorState.jsx": {"path":"D:\\proyectos\\saasodontologico\\frontend\\react-app\\src\\components\\ui\\ErrorState.jsx","statementMap":{"0":{"start":{"line":2,"column":2},"end":{"line":5,"column":null}}},"fnMap":{"0":{"name":"ErrorState","decl":{"start":{"line":1,"column":9},"end":{"line":1,"column":20}},"loc":{"start":{"line":1,"column":33},"end":{"line":5,"column":null}},"line":1}},"branchMap":{},"s":{"0":3},"f":{"0":3},"b":{},"meta":{"lastBranch":0,"lastFunction":1,"lastStatement":1,"seen":{"f:1:9:1:20":0,"s:2:2:5:Infinity":0}}}
,"D:\\proyectos\\saasodontologico\\frontend\\react-app\\src\\components\\ui\\LoadingState.jsx": {"path":"D:\\proyectos\\saasodontologico\\frontend\\react-app\\src\\components\\ui\\LoadingState.jsx","statementMap":{"0":{"start":{"line":2,"column":2},"end":{"line":5,"column":null}}},"fnMap":{"0":{"name":"LoadingState","decl":{"start":{"line":1,"column":9},"end":{"line":1,"column":22}},"loc":{"start":{"line":1,"column":51},"end":{"line":5,"column":null}},"line":1}},"branchMap":{"0":{"loc":{"start":{"line":1,"column":24},"end":{"line":1,"column":51}},"type":"default-arg","locations":[{"start":{"line":1,"column":34},"end":{"line":1,"column":51}}],"line":1}},"s":{"0":6},"f":{"0":6},"b":{"0":[6]},"meta":{"lastBranch":1,"lastFunction":1,"lastStatement":1,"seen":{"f:1:9:1:22":0,"b:1:34:1:51":0,"s:2:2:5:Infinity":0}}}
,"D:\\proyectos\\saasodontologico\\frontend\\react-app\\src\\components\\ui\\LockedModule.jsx": {"path":"D:\\proyectos\\saasodontologico\\frontend\\react-app\\src\\components\\ui\\LockedModule.jsx","statementMap":{"0":{"start":{"line":2,"column":2},"end":{"line":10,"column":null}}},"fnMap":{"0":{"name":"LockedModule","decl":{"start":{"line":1,"column":9},"end":{"line":1,"column":22}},"loc":{"start":{"line":1,"column":33},"end":{"line":10,"column":null}},"line":1}},"branchMap":{},"s":{"0":1},"f":{"0":1},"b":{},"meta":{"lastBranch":0,"lastFunction":1,"lastStatement":1,"seen":{"f:1:9:1:22":0,"s:2:2:10:Infinity":0}}}
,"D:\\proyectos\\saasodontologico\\frontend\\react-app\\src\\components\\ui\\PlaceholderPage.jsx": {"path":"D:\\proyectos\\saasodontologico\\frontend\\react-app\\src\\components\\ui\\PlaceholderPage.jsx","statementMap":{"0":{"start":{"line":2,"column":2},"end":{"line":10,"column":null}},"1":{"start":{"line":8,"column":10},"end":{"line":8,"column":null}}},"fnMap":{"0":{"name":"PlaceholderPage","decl":{"start":{"line":1,"column":9},"end":{"line":1,"column":25}},"loc":{"start":{"line":1,"column":58},"end":{"line":10,"column":null}},"line":1},"1":{"name":"(anonymous_1)","decl":{"start":{"line":7,"column":17},"end":{"line":7,"column":22}},"loc":{"start":{"line":8,"column":10},"end":{"line":8,"column":null}},"line":8}},"branchMap":{},"s":{"0":3,"1":11},"f":{"0":3,"1":11},"b":{},"meta":{"lastBranch":0,"lastFunction":2,"lastStatement":2,"seen":{"f:1:9:1:25":0,"s:2:2:10:Infinity":0,"f:7:17:7:22":1,"s:8:10:8:Infinity":1}}}
,"D:\\proyectos\\saasodontologico\\frontend\\react-app\\src\\components\\ui\\SuccessState.jsx": {"path":"D:\\proyectos\\saasodontologico\\frontend\\react-app\\src\\components\\ui\\SuccessState.jsx","statementMap":{"0":{"start":{"line":2,"column":2},"end":{"line":5,"column":null}}},"fnMap":{"0":{"name":"SuccessState","decl":{"start":{"line":1,"column":9},"end":{"line":1,"column":22}},"loc":{"start":{"line":1,"column":35},"end":{"line":5,"column":null}},"line":1}},"branchMap":{},"s":{"0":3},"f":{"0":3},"b":{},"meta":{"lastBranch":0,"lastFunction":1,"lastStatement":1,"seen":{"f:1:9:1:22":0,"s:2:2:5:Infinity":0}}}
,"D:\\proyectos\\saasodontologico\\frontend\\react-app\\src\\hooks\\app\\useAppRouterViewModel.js": {"path":"D:\\proyectos\\saasodontologico\\frontend\\react-app\\src\\hooks\\app\\useAppRouterViewModel.js","statementMap":{"0":{"start":{"line":8,"column":17},"end":{"line":8,"column":43}},"1":{"start":{"line":9,"column":53},"end":{"line":9,"column":81}},"2":{"start":{"line":10,"column":8},"end":{"line":10,"column":33}},"3":{"start":{"line":11,"column":8},"end":{"line":11,"column":88}},"4":{"start":{"line":13,"column":17},"end":{"line":19,"column":null}},"5":{"start":{"line":21,"column":24},"end":{"line":21,"column":null}},"6":{"start":{"line":22,"column":27},"end":{"line":22,"column":null}},"7":{"start":{"line":23,"column":30},"end":{"line":23,"column":null}},"8":{"start":{"line":24,"column":24},"end":{"line":24,"column":null}},"9":{"start":{"line":25,"column":30},"end":{"line":25,"column":null}},"10":{"start":{"line":27,"column":2},"end":{"line":56,"column":null}}},"fnMap":{"0":{"name":"useAppRouterViewModel","decl":{"start":{"line":7,"column":16},"end":{"line":7,"column":38}},"loc":{"start":{"line":7,"column":54},"end":{"line":56,"column":null}},"line":7}},"branchMap":{"0":{"loc":{"start":{"line":7,"column":38},"end":{"line":7,"column":52}},"type":"default-arg","locations":[{"start":{"line":7,"column":50},"end":{"line":7,"column":52}}],"line":7},"1":{"loc":{"start":{"line":21,"column":24},"end":{"line":21,"column":null}},"type":"binary-expr","locations":[{"start":{"line":21,"column":24},"end":{"line":21,"column":40}},{"start":{"line":21,"column":40},"end":{"line":21,"column":null}}],"line":21},"2":{"loc":{"start":{"line":22,"column":27},"end":{"line":22,"column":null}},"type":"binary-expr","locations":[{"start":{"line":22,"column":27},"end":{"line":22,"column":46}},{"start":{"line":22,"column":46},"end":{"line":22,"column":null}}],"line":22},"3":{"loc":{"start":{"line":23,"column":30},"end":{"line":23,"column":null}},"type":"binary-expr","locations":[{"start":{"line":23,"column":30},"end":{"line":23,"column":52}},{"start":{"line":23,"column":52},"end":{"line":23,"column":null}}],"line":23},"4":{"loc":{"start":{"line":24,"column":24},"end":{"line":24,"column":null}},"type":"binary-expr","locations":[{"start":{"line":24,"column":24},"end":{"line":24,"column":40}},{"start":{"line":24,"column":40},"end":{"line":24,"column":null}}],"line":24},"5":{"loc":{"start":{"line":25,"column":30},"end":{"line":25,"column":null}},"type":"binary-expr","locations":[{"start":{"line":25,"column":30},"end":{"line":25,"column":52}},{"start":{"line":25,"column":52},"end":{"line":25,"column":null}}],"line":25}},"s":{"0":3,"1":3,"2":3,"3":3,"4":3,"5":3,"6":3,"7":3,"8":3,"9":3,"10":3},"f":{"0":3},"b":{"0":[3],"1":[3,0],"2":[3,0],"3":[3,0],"4":[3,0],"5":[3,0]},"meta":{"lastBranch":6,"lastFunction":1,"lastStatement":11,"seen":{"f:7:16:7:38":0,"b:7:50:7:52":0,"s:8:17:8:43":0,"s:9:53:9:81":1,"s:10:8:10:33":2,"s:11:8:11:88":3,"s:13:17:19:Infinity":4,"s:21:24:21:Infinity":5,"b:21:24:21:40:21:40:21:Infinity":1,"s:22:27:22:Infinity":6,"b:22:27:22:46:22:46:22:Infinity":2,"s:23:30:23:Infinity":7,"b:23:30:23:52:23:52:23:Infinity":3,"s:24:24:24:Infinity":8,"b:24:24:24:40:24:40:24:Infinity":4,"s:25:30:25:Infinity":9,"b:25:30:25:52:25:52:25:Infinity":5,"s:27:2:56:Infinity":10}}}
,"D:\\proyectos\\saasodontologico\\frontend\\react-app\\src\\hooks\\app\\useSession.js": {"path":"D:\\proyectos\\saasodontologico\\frontend\\react-app\\src\\hooks\\app\\useSession.js","statementMap":{"0":{"start":{"line":4,"column":8},"end":{"line":4,"column":55}},"1":{"start":{"line":4,"column":43},"end":{"line":4,"column":55}},"2":{"start":{"line":5,"column":8},"end":{"line":5,"column":61}},"3":{"start":{"line":5,"column":46},"end":{"line":5,"column":61}},"4":{"start":{"line":6,"column":8},"end":{"line":6,"column":65}},"5":{"start":{"line":6,"column":48},"end":{"line":6,"column":65}},"6":{"start":{"line":7,"column":8},"end":{"line":7,"column":69}},"7":{"start":{"line":7,"column":50},"end":{"line":7,"column":69}},"8":{"start":{"line":8,"column":8},"end":{"line":8,"column":67}},"9":{"start":{"line":8,"column":49},"end":{"line":8,"column":67}},"10":{"start":{"line":10,"column":2},"end":{"line":16,"column":null}}},"fnMap":{"0":{"name":"useSession","decl":{"start":{"line":3,"column":16},"end":{"line":3,"column":29}},"loc":{"start":{"line":3,"column":29},"end":{"line":16,"column":null}},"line":3},"1":{"name":"(anonymous_1)","decl":{"start":{"line":4,"column":16},"end":{"line":4,"column":33}},"loc":{"start":{"line":4,"column":43},"end":{"line":4,"column":55}},"line":4},"2":{"name":"(anonymous_2)","decl":{"start":{"line":5,"column":19},"end":{"line":5,"column":36}},"loc":{"start":{"line":5,"column":46},"end":{"line":5,"column":61}},"line":5},"3":{"name":"(anonymous_3)","decl":{"start":{"line":6,"column":21},"end":{"line":6,"column":38}},"loc":{"start":{"line":6,"column":48},"end":{"line":6,"column":65}},"line":6},"4":{"name":"(anonymous_4)","decl":{"start":{"line":7,"column":23},"end":{"line":7,"column":40}},"loc":{"start":{"line":7,"column":50},"end":{"line":7,"column":69}},"line":7},"5":{"name":"(anonymous_5)","decl":{"start":{"line":8,"column":22},"end":{"line":8,"column":39}},"loc":{"start":{"line":8,"column":49},"end":{"line":8,"column":67}},"line":8}},"branchMap":{},"s":{"0":3,"1":9,"2":3,"3":9,"4":3,"5":9,"6":3,"7":9,"8":3,"9":9,"10":3},"f":{"0":3,"1":9,"2":9,"3":9,"4":9,"5":9},"b":{},"meta":{"lastBranch":0,"lastFunction":6,"lastStatement":11,"seen":{"f:3:16:3:29":0,"s:4:8:4:55":0,"f:4:16:4:33":1,"s:4:43:4:55":1,"s:5:8:5:61":2,"f:5:19:5:36":2,"s:5:46:5:61":3,"s:6:8:6:65":4,"f:6:21:6:38":3,"s:6:48:6:65":5,"s:7:8:7:69":6,"f:7:23:7:40":4,"s:7:50:7:69":7,"s:8:8:8:67":8,"f:8:22:8:39":5,"s:8:49:8:67":9,"s:10:2:16:Infinity":10}}}
,"D:\\proyectos\\saasodontologico\\frontend\\react-app\\src\\hooks\\app\\useTheme.js": {"path":"D:\\proyectos\\saasodontologico\\frontend\\react-app\\src\\hooks\\app\\useTheme.js","statementMap":{"0":{"start":{"line":9,"column":16},"end":{"line":9,"column":63}},"1":{"start":{"line":9,"column":28},"end":{"line":9,"column":62}},"2":{"start":{"line":11,"column":2},"end":{"line":14,"column":null}},"3":{"start":{"line":12,"column":4},"end":{"line":12,"column":null}},"4":{"start":{"line":13,"column":4},"end":{"line":13,"column":null}},"5":{"start":{"line":17,"column":4},"end":{"line":17,"column":null}},"6":{"start":{"line":17,"column":24},"end":{"line":17,"column":61}},"7":{"start":{"line":20,"column":2},"end":{"line":24,"column":null}}},"fnMap":{"0":{"name":"useTheme","decl":{"start":{"line":8,"column":16},"end":{"line":8,"column":27}},"loc":{"start":{"line":8,"column":27},"end":{"line":24,"column":null}},"line":8},"1":{"name":"(anonymous_1)","decl":{"start":{"line":9,"column":28},"end":{"line":9,"column":43}},"loc":{"start":{"line":9,"column":28},"end":{"line":9,"column":62}},"line":9},"2":{"name":"(anonymous_2)","decl":{"start":{"line":11,"column":2},"end":{"line":11,"column":18}},"loc":{"start":{"line":11,"column":18},"end":{"line":14,"column":6}},"line":11},"3":{"name":"toggleTheme","decl":{"start":{"line":16,"column":11},"end":{"line":16,"column":25}},"loc":{"start":{"line":16,"column":25},"end":{"line":17,"column":null}},"line":16},"4":{"name":"(anonymous_4)","decl":{"start":{"line":17,"column":4},"end":{"line":17,"column":14}},"loc":{"start":{"line":17,"column":24},"end":{"line":17,"column":61}},"line":17}},"branchMap":{"0":{"loc":{"start":{"line":17,"column":24},"end":{"line":17,"column":61}},"type":"cond-expr","locations":[{"start":{"line":17,"column":43},"end":{"line":17,"column":52}},{"start":{"line":17,"column":52},"end":{"line":17,"column":61}}],"line":17}},"s":{"0":6,"1":5,"2":6,"3":6,"4":6,"5":1,"6":1,"7":6},"f":{"0":6,"1":5,"2":6,"3":1,"4":1},"b":{"0":[1,0]},"meta":{"lastBranch":1,"lastFunction":5,"lastStatement":8,"seen":{"f:8:16:8:27":0,"s:9:16:9:63":0,"f:9:28:9:43":1,"s:9:28:9:62":1,"s:11:2:14:Infinity":2,"f:11:2:11:18":2,"s:12:4:12:Infinity":3,"s:13:4:13:Infinity":4,"f:16:11:16:25":3,"s:17:4:17:Infinity":5,"f:17:4:17:14":4,"s:17:24:17:61":6,"b:17:43:17:52:17:52:17:61":0,"s:20:2:24:Infinity":7}}}
,"D:\\proyectos\\saasodontologico\\frontend\\react-app\\src\\hooks\\auth\\useAuthForms.js": {"path":"D:\\proyectos\\saasodontologico\\frontend\\react-app\\src\\hooks\\auth\\useAuthForms.js","statementMap":{"0":{"start":{"line":12,"column":30},"end":{"line":12,"column":68}},"1":{"start":{"line":13,"column":22},"end":{"line":13,"column":null}},"2":{"start":{"line":14,"column":25},"end":{"line":14,"column":null}},"3":{"start":{"line":15,"column":23},"end":{"line":15,"column":54}},"4":{"start":{"line":16,"column":67},"end":{"line":20,"column":4}},"5":{"start":{"line":21,"column":8},"end":{"line":21,"column":44}},"6":{"start":{"line":22,"column":21},"end":{"line":22,"column":50}},"7":{"start":{"line":26,"column":17},"end":{"line":31,"column":4}},"8":{"start":{"line":34,"column":4},"end":{"line":34,"column":null}},"9":{"start":{"line":35,"column":4},"end":{"line":35,"column":null}},"10":{"start":{"line":36,"column":4},"end":{"line":46,"column":null}},"11":{"start":{"line":36,"column":24},"end":{"line":37,"column":39}},"12":{"start":{"line":40,"column":10},"end":{"line":40,"column":null}},"13":{"start":{"line":43,"column":10},"end":{"line":43,"column":null}},"14":{"start":{"line":50,"column":4},"end":{"line":50,"column":null}},"15":{"start":{"line":51,"column":4},"end":{"line":51,"column":null}},"16":{"start":{"line":52,"column":4},"end":{"line":56,"column":null}},"17":{"start":{"line":53,"column":6},"end":{"line":53,"column":null}},"18":{"start":{"line":54,"column":6},"end":{"line":54,"column":null}},"19":{"start":{"line":56,"column":6},"end":{"line":56,"column":null}},"20":{"start":{"line":61,"column":4},"end":{"line":61,"column":null}},"21":{"start":{"line":62,"column":4},"end":{"line":62,"column":null}},"22":{"start":{"line":63,"column":4},"end":{"line":67,"column":null}},"23":{"start":{"line":64,"column":6},"end":{"line":64,"column":null}},"24":{"start":{"line":65,"column":6},"end":{"line":65,"column":null}},"25":{"start":{"line":67,"column":6},"end":{"line":67,"column":null}},"26":{"start":{"line":72,"column":4},"end":{"line":72,"column":null}},"27":{"start":{"line":73,"column":4},"end":{"line":75,"column":null}},"28":{"start":{"line":74,"column":6},"end":{"line":74,"column":null}},"29":{"start":{"line":75,"column":6},"end":{"line":75,"column":null}},"30":{"start":{"line":77,"column":4},"end":{"line":77,"column":null}},"31":{"start":{"line":78,"column":4},"end":{"line":87,"column":null}},"32":{"start":{"line":79,"column":6},"end":{"line":84,"column":null}},"33":{"start":{"line":85,"column":6},"end":{"line":85,"column":null}},"34":{"start":{"line":87,"column":6},"end":{"line":87,"column":null}},"35":{"start":{"line":92,"column":4},"end":{"line":92,"column":null}},"36":{"start":{"line":95,"column":2},"end":{"line":114,"column":null}}},"fnMap":{"0":{"name":"useAuthForms","decl":{"start":{"line":11,"column":16},"end":{"line":11,"column":29}},"loc":{"start":{"line":11,"column":90},"end":{"line":114,"column":null}},"line":11},"1":{"name":"submitLogin","decl":{"start":{"line":33,"column":17},"end":{"line":33,"column":29}},"loc":{"start":{"line":33,"column":36},"end":{"line":46,"column":null}},"line":33},"2":{"name":"(anonymous_2)","decl":{"start":{"line":36,"column":24},"end":{"line":36,"column":null}},"loc":{"start":{"line":36,"column":24},"end":{"line":37,"column":39}},"line":36},"3":{"name":"(anonymous_3)","decl":{"start":{"line":39,"column":8},"end":{"line":39,"column":20}},"loc":{"start":{"line":39,"column":29},"end":{"line":40,"column":null}},"line":39},"4":{"name":"(anonymous_4)","decl":{"start":{"line":42,"column":8},"end":{"line":42,"column":18}},"loc":{"start":{"line":42,"column":28},"end":{"line":43,"column":null}},"line":42},"5":{"name":"submitRecover","decl":{"start":{"line":49,"column":17},"end":{"line":49,"column":31}},"loc":{"start":{"line":49,"column":38},"end":{"line":56,"column":null}},"line":49},"6":{"name":"submitVerifyCode","decl":{"start":{"line":60,"column":17},"end":{"line":60,"column":34}},"loc":{"start":{"line":60,"column":41},"end":{"line":67,"column":null}},"line":60},"7":{"name":"submitUpdatePassword","decl":{"start":{"line":71,"column":17},"end":{"line":71,"column":38}},"loc":{"start":{"line":71,"column":45},"end":{"line":87,"column":null}},"line":71},"8":{"name":"logout","decl":{"start":{"line":91,"column":11},"end":{"line":91,"column":20}},"loc":{"start":{"line":91,"column":20},"end":{"line":92,"column":null}},"line":91}},"branchMap":{"0":{"loc":{"start":{"line":13,"column":22},"end":{"line":13,"column":null}},"type":"binary-expr","locations":[{"start":{"line":13,"column":22},"end":{"line":13,"column":45}},{"start":{"line":13,"column":45},"end":{"line":13,"column":null}}],"line":13},"1":{"loc":{"start":{"line":14,"column":25},"end":{"line":14,"column":null}},"type":"binary-expr","locations":[{"start":{"line":14,"column":25},"end":{"line":14,"column":51}},{"start":{"line":14,"column":51},"end":{"line":14,"column":null}}],"line":14},"2":{"loc":{"start":{"line":19,"column":14},"end":{"line":19,"column":null}},"type":"binary-expr","locations":[{"start":{"line":19,"column":14},"end":{"line":19,"column":26}},{"start":{"line":19,"column":26},"end":{"line":19,"column":null}}],"line":19},"3":{"loc":{"start":{"line":73,"column":4},"end":{"line":75,"column":null}},"type":"if","locations":[{"start":{"line":73,"column":4},"end":{"line":75,"column":null}},{"start":{},"end":{}}],"line":73}},"s":{"0":19,"1":19,"2":19,"3":19,"4":19,"5":19,"6":19,"7":19,"8":2,"9":2,"10":2,"11":2,"12":1,"13":1,"14":1,"15":1,"16":1,"17":1,"18":1,"19":0,"20":1,"21":1,"22":1,"23":1,"24":0,"25":1,"26":2,"27":2,"28":1,"29":1,"30":1,"31":1,"32":1,"33":1,"34":0,"35":1,"36":19},"f":{"0":19,"1":2,"2":2,"3":1,"4":1,"5":1,"6":1,"7":2,"8":1},"b":{"0":[19,16],"1":[19,16],"2":[19,3],"3":[1,1]},"meta":{"lastBranch":4,"lastFunction":9,"lastStatement":37,"seen":{"f:11:16:11:29":0,"s:12:30:12:68":0,"s:13:22:13:Infinity":1,"b:13:22:13:45:13:45:13:Infinity":0,"s:14:25:14:Infinity":2,"b:14:25:14:51:14:51:14:Infinity":1,"s:15:23:15:54":3,"s:16:67:20:4":4,"b:19:14:19:26:19:26:19:Infinity":2,"s:21:8:21:44":5,"s:22:21:22:50":6,"s:26:17:31:4":7,"f:33:17:33:29":1,"s:34:4:34:Infinity":8,"s:35:4:35:Infinity":9,"s:36:4:46:Infinity":10,"f:36:24:36:Infinity":2,"s:36:24:37:39":11,"f:39:8:39:20":3,"s:40:10:40:Infinity":12,"f:42:8:42:18":4,"s:43:10:43:Infinity":13,"f:49:17:49:31":5,"s:50:4:50:Infinity":14,"s:51:4:51:Infinity":15,"s:52:4:56:Infinity":16,"s:53:6:53:Infinity":17,"s:54:6:54:Infinity":18,"s:56:6:56:Infinity":19,"f:60:17:60:34":6,"s:61:4:61:Infinity":20,"s:62:4:62:Infinity":21,"s:63:4:67:Infinity":22,"s:64:6:64:Infinity":23,"s:65:6:65:Infinity":24,"s:67:6:67:Infinity":25,"f:71:17:71:38":7,"s:72:4:72:Infinity":26,"b:73:4:75:Infinity:undefined:undefined:undefined:undefined":3,"s:73:4:75:Infinity":27,"s:74:6:74:Infinity":28,"s:75:6:75:Infinity":29,"s:77:4:77:Infinity":30,"s:78:4:87:Infinity":31,"s:79:6:84:Infinity":32,"s:85:6:85:Infinity":33,"s:87:6:87:Infinity":34,"f:91:11:91:20":8,"s:92:4:92:Infinity":35,"s:95:2:114:Infinity":36}}}
,"D:\\proyectos\\saasodontologico\\frontend\\react-app\\src\\hooks\\auth\\useAuthUiState.js": {"path":"D:\\proyectos\\saasodontologico\\frontend\\react-app\\src\\hooks\\auth\\useAuthUiState.js","statementMap":{"0":{"start":{"line":4,"column":22},"end":{"line":4,"column":52}},"1":{"start":{"line":7,"column":4},"end":{"line":7,"column":null}},"2":{"start":{"line":10,"column":2},"end":{"line":14,"column":null}}},"fnMap":{"0":{"name":"useAuthUiState","decl":{"start":{"line":3,"column":16},"end":{"line":3,"column":33}},"loc":{"start":{"line":3,"column":33},"end":{"line":14,"column":null}},"line":3},"1":{"name":"clearAuthMessage","decl":{"start":{"line":6,"column":11},"end":{"line":6,"column":30}},"loc":{"start":{"line":6,"column":30},"end":{"line":7,"column":null}},"line":6}},"branchMap":{},"s":{"0":6,"1":1,"2":6},"f":{"0":6,"1":1},"b":{},"meta":{"lastBranch":0,"lastFunction":2,"lastStatement":3,"seen":{"f:3:16:3:33":0,"s:4:22:4:52":0,"f:6:11:6:30":1,"s:7:4:7:Infinity":1,"s:10:2:14:Infinity":2}}}
,"D:\\proyectos\\saasodontologico\\frontend\\react-app\\src\\hooks\\external-services\\useExternalServicesForms.js": {"path":"D:\\proyectos\\saasodontologico\\frontend\\react-app\\src\\hooks\\external-services\\useExternalServicesForms.js","statementMap":{"0":{"start":{"line":12,"column":2},"end":{"line":21,"column":null}},"1":{"start":{"line":13,"column":19},"end":{"line":13,"column":35}},"2":{"start":{"line":14,"column":4},"end":{"line":17,"column":null}},"3":{"start":{"line":15,"column":21},"end":{"line":15,"column":48}},"4":{"start":{"line":16,"column":20},"end":{"line":16,"column":37}},"5":{"start":{"line":17,"column":6},"end":{"line":17,"column":null}},"6":{"start":{"line":19,"column":4},"end":{"line":19,"column":null}},"7":{"start":{"line":20,"column":4},"end":{"line":20,"column":null}},"8":{"start":{"line":25,"column":73},"end":{"line":31,"column":4}},"9":{"start":{"line":32,"column":73},"end":{"line":36,"column":4}},"10":{"start":{"line":37,"column":8},"end":{"line":37,"column":44}},"11":{"start":{"line":38,"column":8},"end":{"line":38,"column":47}},"12":{"start":{"line":39,"column":8},"end":{"line":39,"column":45}},"13":{"start":{"line":40,"column":8},"end":{"line":40,"column":47}},"14":{"start":{"line":41,"column":71},"end":{"line":48,"column":4}},"15":{"start":{"line":49,"column":22},"end":{"line":49,"column":52}},"16":{"start":{"line":50,"column":19},"end":{"line":50,"column":48}},"17":{"start":{"line":53,"column":4},"end":{"line":53,"column":null}},"18":{"start":{"line":54,"column":4},"end":{"line":73,"column":null}},"19":{"start":{"line":54,"column":24},"end":{"line":68,"column":8}},"20":{"start":{"line":77,"column":4},"end":{"line":77,"column":null}},"21":{"start":{"line":78,"column":4},"end":{"line":93,"column":null}},"22":{"start":{"line":78,"column":27},"end":{"line":88,"column":8}},"23":{"start":{"line":97,"column":4},"end":{"line":97,"column":null}},"24":{"start":{"line":98,"column":4},"end":{"line":119,"column":null}},"25":{"start":{"line":98,"column":25},"end":{"line":111,"column":8}},"26":{"start":{"line":113,"column":34},"end":{"line":113,"column":null}},"27":{"start":{"line":116,"column":10},"end":{"line":116,"column":null}},"28":{"start":{"line":116,"column":24},"end":{"line":116,"column":null}},"29":{"start":{"line":123,"column":4},"end":{"line":123,"column":null}},"30":{"start":{"line":124,"column":4},"end":{"line":124,"column":null}},"31":{"start":{"line":125,"column":4},"end":{"line":138,"column":null}},"32":{"start":{"line":125,"column":27},"end":{"line":130,"column":8}},"33":{"start":{"line":135,"column":10},"end":{"line":135,"column":null}},"34":{"start":{"line":142,"column":17},"end":{"line":142,"column":null}},"35":{"start":{"line":143,"column":4},"end":{"line":143,"column":null}},"36":{"start":{"line":143,"column":15},"end":{"line":143,"column":null}},"37":{"start":{"line":144,"column":23},"end":{"line":144,"column":43}},"38":{"start":{"line":145,"column":4},"end":{"line":150,"column":null}},"39":{"start":{"line":145,"column":30},"end":{"line":150,"column":7}},"40":{"start":{"line":153,"column":2},"end":{"line":175,"column":null}}},"fnMap":{"0":{"name":"toBase64","decl":{"start":{"line":11,"column":15},"end":{"line":11,"column":24}},"loc":{"start":{"line":11,"column":30},"end":{"line":21,"column":null}},"line":11},"1":{"name":"(anonymous_1)","decl":{"start":{"line":12,"column":13},"end":{"line":12,"column":22}},"loc":{"start":{"line":12,"column":42},"end":{"line":21,"column":null}},"line":12},"2":{"name":"(anonymous_2)","decl":{"start":{"line":14,"column":11},"end":{"line":14,"column":26}},"loc":{"start":{"line":14,"column":26},"end":{"line":17,"column":null}},"line":14},"3":{"name":"useExternalServicesForms","decl":{"start":{"line":24,"column":16},"end":{"line":24,"column":41}},"loc":{"start":{"line":24,"column":62},"end":{"line":175,"column":null}},"line":24},"4":{"name":"sendEmail","decl":{"start":{"line":52,"column":17},"end":{"line":52,"column":27}},"loc":{"start":{"line":52,"column":34},"end":{"line":73,"column":null}},"line":52},"5":{"name":"(anonymous_5)","decl":{"start":{"line":54,"column":24},"end":{"line":54,"column":null}},"loc":{"start":{"line":54,"column":24},"end":{"line":68,"column":8}},"line":54},"6":{"name":"sendWhatsapp","decl":{"start":{"line":76,"column":17},"end":{"line":76,"column":30}},"loc":{"start":{"line":76,"column":37},"end":{"line":93,"column":null}},"line":76},"7":{"name":"(anonymous_7)","decl":{"start":{"line":78,"column":27},"end":{"line":78,"column":null}},"loc":{"start":{"line":78,"column":27},"end":{"line":88,"column":8}},"line":78},"8":{"name":"uploadFile","decl":{"start":{"line":96,"column":17},"end":{"line":96,"column":28}},"loc":{"start":{"line":96,"column":35},"end":{"line":119,"column":null}},"line":96},"9":{"name":"(anonymous_9)","decl":{"start":{"line":98,"column":25},"end":{"line":98,"column":null}},"loc":{"start":{"line":98,"column":25},"end":{"line":111,"column":8}},"line":98},"10":{"name":"(anonymous_10)","decl":{"start":{"line":113,"column":8},"end":{"line":113,"column":25}},"loc":{"start":{"line":113,"column":34},"end":{"line":113,"column":null}},"line":113},"11":{"name":"(anonymous_11)","decl":{"start":{"line":115,"column":8},"end":{"line":115,"column":20}},"loc":{"start":{"line":115,"column":29},"end":{"line":116,"column":null}},"line":115},"12":{"name":"getFileMetadata","decl":{"start":{"line":122,"column":17},"end":{"line":122,"column":33}},"loc":{"start":{"line":122,"column":40},"end":{"line":138,"column":null}},"line":122},"13":{"name":"(anonymous_13)","decl":{"start":{"line":125,"column":27},"end":{"line":125,"column":null}},"loc":{"start":{"line":125,"column":27},"end":{"line":130,"column":8}},"line":125},"14":{"name":"(anonymous_14)","decl":{"start":{"line":134,"column":8},"end":{"line":134,"column":20}},"loc":{"start":{"line":134,"column":29},"end":{"line":135,"column":null}},"line":134},"15":{"name":"handleFileSelection","decl":{"start":{"line":141,"column":17},"end":{"line":141,"column":37}},"loc":{"start":{"line":141,"column":44},"end":{"line":150,"column":null}},"line":141},"16":{"name":"(anonymous_16)","decl":{"start":{"line":145,"column":4},"end":{"line":145,"column":20}},"loc":{"start":{"line":145,"column":30},"end":{"line":150,"column":7}},"line":145}},"branchMap":{"0":{"loc":{"start":{"line":15,"column":28},"end":{"line":15,"column":48}},"type":"binary-expr","locations":[{"start":{"line":15,"column":28},"end":{"line":15,"column":45}},{"start":{"line":15,"column":45},"end":{"line":15,"column":48}}],"line":15},"1":{"loc":{"start":{"line":17,"column":14},"end":{"line":17,"column":47}},"type":"cond-expr","locations":[{"start":{"line":17,"column":33},"end":{"line":17,"column":44}},{"start":{"line":17,"column":44},"end":{"line":17,"column":47}}],"line":17},"2":{"loc":{"start":{"line":113,"column":75},"end":{"line":113,"column":null}},"type":"binary-expr","locations":[{"start":{"line":113,"column":75},"end":{"line":113,"column":86}},{"start":{"line":113,"column":86},"end":{"line":113,"column":null}}],"line":113},"3":{"loc":{"start":{"line":116,"column":10},"end":{"line":116,"column":null}},"type":"if","locations":[{"start":{"line":116,"column":10},"end":{"line":116,"column":null}},{"start":{},"end":{}}],"line":116},"4":{"loc":{"start":{"line":143,"column":4},"end":{"line":143,"column":null}},"type":"if","locations":[{"start":{"line":143,"column":4},"end":{"line":143,"column":null}},{"start":{},"end":{}}],"line":143},"5":{"loc":{"start":{"line":148,"column":16},"end":{"line":148,"column":null}},"type":"binary-expr","locations":[{"start":{"line":148,"column":16},"end":{"line":148,"column":29}},{"start":{"line":148,"column":29},"end":{"line":148,"column":null}}],"line":148}},"s":{"0":2,"1":2,"2":2,"3":1,"4":1,"5":1,"6":2,"7":2,"8":17,"9":17,"10":17,"11":17,"12":17,"13":17,"14":17,"15":17,"16":17,"17":1,"18":1,"19":1,"20":1,"21":1,"22":1,"23":1,"24":1,"25":1,"26":1,"27":1,"28":1,"29":2,"30":2,"31":2,"32":2,"33":1,"34":3,"35":3,"36":1,"37":2,"38":1,"39":1,"40":17},"f":{"0":2,"1":2,"2":1,"3":17,"4":1,"5":1,"6":1,"7":1,"8":1,"9":1,"10":1,"11":1,"12":2,"13":2,"14":1,"15":3,"16":1},"b":{"0":[1,0],"1":[1,0],"2":[1,0],"3":[1,0],"4":[1,2],"5":[1,0]},"meta":{"lastBranch":6,"lastFunction":17,"lastStatement":41,"seen":{"f:11:15:11:24":0,"s:12:2:21:Infinity":0,"f:12:13:12:22":1,"s:13:19:13:35":1,"s:14:4:17:Infinity":2,"f:14:11:14:26":2,"s:15:21:15:48":3,"b:15:28:15:45:15:45:15:48":0,"s:16:20:16:37":4,"s:17:6:17:Infinity":5,"b:17:33:17:44:17:44:17:47":1,"s:19:4:19:Infinity":6,"s:20:4:20:Infinity":7,"f:24:16:24:41":3,"s:25:73:31:4":8,"s:32:73:36:4":9,"s:37:8:37:44":10,"s:38:8:38:47":11,"s:39:8:39:45":12,"s:40:8:40:47":13,"s:41:71:48:4":14,"s:49:22:49:52":15,"s:50:19:50:48":16,"f:52:17:52:27":4,"s:53:4:53:Infinity":17,"s:54:4:73:Infinity":18,"f:54:24:54:Infinity":5,"s:54:24:68:8":19,"f:76:17:76:30":6,"s:77:4:77:Infinity":20,"s:78:4:93:Infinity":21,"f:78:27:78:Infinity":7,"s:78:27:88:8":22,"f:96:17:96:28":8,"s:97:4:97:Infinity":23,"s:98:4:119:Infinity":24,"f:98:25:98:Infinity":9,"s:98:25:111:8":25,"f:113:8:113:25":10,"s:113:34:113:Infinity":26,"b:113:75:113:86:113:86:113:Infinity":2,"f:115:8:115:20":11,"b:116:10:116:Infinity:undefined:undefined:undefined:undefined":3,"s:116:10:116:Infinity":27,"s:116:24:116:Infinity":28,"f:122:17:122:33":12,"s:123:4:123:Infinity":29,"s:124:4:124:Infinity":30,"s:125:4:138:Infinity":31,"f:125:27:125:Infinity":13,"s:125:27:130:8":32,"f:134:8:134:20":14,"s:135:10:135:Infinity":33,"f:141:17:141:37":15,"s:142:17:142:Infinity":34,"b:143:4:143:Infinity:undefined:undefined:undefined:undefined":4,"s:143:4:143:Infinity":35,"s:143:15:143:Infinity":36,"s:144:23:144:43":37,"s:145:4:150:Infinity":38,"f:145:4:145:20":16,"s:145:30:150:7":39,"b:148:16:148:29:148:29:148:Infinity":5,"s:153:2:175:Infinity":40}}}
,"D:\\proyectos\\saasodontologico\\frontend\\react-app\\src\\hooks\\shared\\useFormFields.js": {"path":"D:\\proyectos\\saasodontologico\\frontend\\react-app\\src\\hooks\\shared\\useFormFields.js","statementMap":{"0":{"start":{"line":4,"column":17},"end":{"line":4,"column":53}},"1":{"start":{"line":7,"column":4},"end":{"line":7,"column":null}},"2":{"start":{"line":7,"column":25},"end":{"line":7,"column":53}},"3":{"start":{"line":10,"column":2},"end":{"line":14,"column":null}}},"fnMap":{"0":{"name":"useFormFields","decl":{"start":{"line":3,"column":16},"end":{"line":3,"column":30}},"loc":{"start":{"line":3,"column":45},"end":{"line":14,"column":null}},"line":3},"1":{"name":"updateField","decl":{"start":{"line":6,"column":11},"end":{"line":6,"column":23}},"loc":{"start":{"line":6,"column":36},"end":{"line":7,"column":null}},"line":6},"2":{"name":"(anonymous_2)","decl":{"start":{"line":7,"column":4},"end":{"line":7,"column":15}},"loc":{"start":{"line":7,"column":25},"end":{"line":7,"column":53}},"line":7}},"branchMap":{},"s":{"0":91,"1":1,"2":1,"3":91},"f":{"0":91,"1":1,"2":1},"b":{},"meta":{"lastBranch":0,"lastFunction":3,"lastStatement":4,"seen":{"f:3:16:3:30":0,"s:4:17:4:53":0,"f:6:11:6:23":1,"s:7:4:7:Infinity":1,"f:7:4:7:15":2,"s:7:25:7:53":2,"s:10:2:14:Infinity":3}}}
,"D:\\proyectos\\saasodontologico\\frontend\\react-app\\src\\hooks\\shared\\useRequestFeedback.js": {"path":"D:\\proyectos\\saasodontologico\\frontend\\react-app\\src\\hooks\\shared\\useRequestFeedback.js","statementMap":{"0":{"start":{"line":4,"column":2},"end":{"line":4,"column":null}},"1":{"start":{"line":8,"column":16},"end":{"line":8,"column":50}},"2":{"start":{"line":16,"column":8},"end":{"line":16,"column":null}},"3":{"start":{"line":18,"column":4},"end":{"line":18,"column":null}},"4":{"start":{"line":20,"column":4},"end":{"line":32,"column":null}},"5":{"start":{"line":21,"column":21},"end":{"line":21,"column":35}},"6":{"start":{"line":23,"column":8},"end":{"line":23,"column":null}},"7":{"start":{"line":25,"column":6},"end":{"line":25,"column":null}},"8":{"start":{"line":26,"column":6},"end":{"line":26,"column":null}},"9":{"start":{"line":26,"column":21},"end":{"line":26,"column":null}},"10":{"start":{"line":27,"column":6},"end":{"line":27,"column":null}},"11":{"start":{"line":29,"column":24},"end":{"line":29,"column":null}},"12":{"start":{"line":30,"column":6},"end":{"line":30,"column":null}},"13":{"start":{"line":31,"column":6},"end":{"line":31,"column":null}},"14":{"start":{"line":31,"column":19},"end":{"line":31,"column":null}},"15":{"start":{"line":32,"column":6},"end":{"line":32,"column":null}},"16":{"start":{"line":36,"column":2},"end":{"line":39,"column":null}}},"fnMap":{"0":{"name":"initialState","decl":{"start":{"line":3,"column":9},"end":{"line":3,"column":24}},"loc":{"start":{"line":3,"column":24},"end":{"line":4,"column":null}},"line":3},"1":{"name":"useRequestFeedback","decl":{"start":{"line":7,"column":16},"end":{"line":7,"column":37}},"loc":{"start":{"line":7,"column":37},"end":{"line":39,"column":null}},"line":7},"2":{"name":"execute","decl":{"start":{"line":10,"column":17},"end":{"line":10,"column":25}},"loc":{"start":{"line":10,"column":47},"end":{"line":32,"column":null}},"line":10}},"branchMap":{"0":{"loc":{"start":{"line":10,"column":33},"end":{"line":10,"column":45}},"type":"default-arg","locations":[{"start":{"line":10,"column":43},"end":{"line":10,"column":45}}],"line":10},"1":{"loc":{"start":{"line":15,"column":6},"end":{"line":15,"column":null}},"type":"default-arg","locations":[{"start":{"line":15,"column":29},"end":{"line":15,"column":null}}],"line":15},"2":{"loc":{"start":{"line":23,"column":8},"end":{"line":23,"column":null}},"type":"cond-expr","locations":[{"start":{"line":23,"column":47},"end":{"line":23,"column":69}},{"start":{"line":23,"column":72},"end":{"line":23,"column":null}}],"line":23},"3":{"loc":{"start":{"line":23,"column":72},"end":{"line":23,"column":null}},"type":"binary-expr","locations":[{"start":{"line":23,"column":72},"end":{"line":23,"column":90}},{"start":{"line":23,"column":90},"end":{"line":23,"column":null}}],"line":23},"4":{"loc":{"start":{"line":26,"column":6},"end":{"line":26,"column":null}},"type":"if","locations":[{"start":{"line":26,"column":6},"end":{"line":26,"column":null}},{"start":{},"end":{}}],"line":26},"5":{"loc":{"start":{"line":29,"column":24},"end":{"line":29,"column":null}},"type":"binary-expr","locations":[{"start":{"line":29,"column":24},"end":{"line":29,"column":42}},{"start":{"line":29,"column":42},"end":{"line":29,"column":null}}],"line":29},"6":{"loc":{"start":{"line":31,"column":6},"end":{"line":31,"column":null}},"type":"if","locations":[{"start":{"line":31,"column":6},"end":{"line":31,"column":null}},{"start":{},"end":{}}],"line":31}},"s":{"0":41,"1":87,"2":7,"3":7,"4":7,"5":7,"6":5,"7":7,"8":7,"9":3,"10":5,"11":2,"12":2,"13":2,"14":1,"15":2,"16":87},"f":{"0":41,"1":87,"2":7},"b":{"0":[7],"1":[7],"2":[1,4],"3":[4,1],"4":[3,4],"5":[2,0],"6":[1,1]},"meta":{"lastBranch":7,"lastFunction":3,"lastStatement":17,"seen":{"f:3:9:3:24":0,"s:4:2:4:Infinity":0,"f:7:16:7:37":1,"s:8:16:8:50":1,"f:10:17:10:25":2,"b:10:43:10:45":0,"s:16:8:16:Infinity":2,"b:15:29:15:Infinity":1,"s:18:4:18:Infinity":3,"s:20:4:32:Infinity":4,"s:21:21:21:35":5,"s:23:8:23:Infinity":6,"b:23:47:23:69:23:72:23:Infinity":2,"b:23:72:23:90:23:90:23:Infinity":3,"s:25:6:25:Infinity":7,"b:26:6:26:Infinity:undefined:undefined:undefined:undefined":4,"s:26:6:26:Infinity":8,"s:26:21:26:Infinity":9,"s:27:6:27:Infinity":10,"s:29:24:29:Infinity":11,"b:29:24:29:42:29:42:29:Infinity":5,"s:30:6:30:Infinity":12,"b:31:6:31:Infinity:undefined:undefined:undefined:undefined":6,"s:31:6:31:Infinity":13,"s:31:19:31:Infinity":14,"s:32:6:32:Infinity":15,"s:36:2:39:Infinity":16}}}
,"D:\\proyectos\\saasodontologico\\frontend\\react-app\\src\\pages\\auth\\LoginPage.jsx": {"path":"D:\\proyectos\\saasodontologico\\frontend\\react-app\\src\\pages\\auth\\LoginPage.jsx","statementMap":{"0":{"start":{"line":6,"column":25},"end":{"line":6,"column":54}},"1":{"start":{"line":8,"column":2},"end":{"line":17,"column":null}},"2":{"start":{"line":11,"column":95},"end":{"line":11,"column":145}},"3":{"start":{"line":12,"column":104},"end":{"line":12,"column":157}},"4":{"start":{"line":13,"column":89},"end":{"line":13,"column":142}}},"fnMap":{"0":{"name":"LoginPage","decl":{"start":{"line":5,"column":9},"end":{"line":5,"column":21}},"loc":{"start":{"line":5,"column":21},"end":{"line":17,"column":null}},"line":5},"1":{"name":"(anonymous_1)","decl":{"start":{"line":11,"column":78},"end":{"line":11,"column":89}},"loc":{"start":{"line":11,"column":95},"end":{"line":11,"column":145}},"line":11},"2":{"name":"(anonymous_2)","decl":{"start":{"line":12,"column":87},"end":{"line":12,"column":98}},"loc":{"start":{"line":12,"column":104},"end":{"line":12,"column":157}},"line":12},"3":{"name":"(anonymous_3)","decl":{"start":{"line":13,"column":72},"end":{"line":13,"column":83}},"loc":{"start":{"line":13,"column":89},"end":{"line":13,"column":142}},"line":13}},"branchMap":{"0":{"loc":{"start":{"line":14,"column":60},"end":{"line":14,"column":124}},"type":"cond-expr","locations":[{"start":{"line":14,"column":80},"end":{"line":14,"column":98}},{"start":{"line":14,"column":98},"end":{"line":14,"column":124}}],"line":14}},"s":{"0":3,"1":3,"2":0,"3":0,"4":0},"f":{"0":3,"1":0,"2":0,"3":0},"b":{"0":[0,3]},"meta":{"lastBranch":1,"lastFunction":4,"lastStatement":5,"seen":{"f:5:9:5:21":0,"s:6:25:6:54":0,"s:8:2:17:Infinity":1,"f:11:78:11:89":1,"s:11:95:11:145":2,"f:12:87:12:98":2,"s:12:104:12:157":3,"f:13:72:13:83":3,"s:13:89:13:142":4,"b:14:80:14:98:14:98:14:124":0}}}
,"D:\\proyectos\\saasodontologico\\frontend\\react-app\\src\\pages\\auth\\RecoverPage.jsx": {"path":"D:\\proyectos\\saasodontologico\\frontend\\react-app\\src\\pages\\auth\\RecoverPage.jsx","statementMap":{"0":{"start":{"line":6,"column":25},"end":{"line":6,"column":54}},"1":{"start":{"line":8,"column":2},"end":{"line":16,"column":null}},"2":{"start":{"line":11,"column":92},"end":{"line":11,"column":132}},"3":{"start":{"line":12,"column":79},"end":{"line":12,"column":115}}},"fnMap":{"0":{"name":"RecoverPage","decl":{"start":{"line":5,"column":9},"end":{"line":5,"column":23}},"loc":{"start":{"line":5,"column":23},"end":{"line":16,"column":null}},"line":5},"1":{"name":"(anonymous_1)","decl":{"start":{"line":11,"column":75},"end":{"line":11,"column":86}},"loc":{"start":{"line":11,"column":92},"end":{"line":11,"column":132}},"line":11},"2":{"name":"(anonymous_2)","decl":{"start":{"line":12,"column":62},"end":{"line":12,"column":73}},"loc":{"start":{"line":12,"column":79},"end":{"line":12,"column":115}},"line":12}},"branchMap":{},"s":{"0":1,"1":1,"2":0,"3":0},"f":{"0":1,"1":0,"2":0},"b":{},"meta":{"lastBranch":0,"lastFunction":3,"lastStatement":4,"seen":{"f:5:9:5:23":0,"s:6:25:6:54":0,"s:8:2:16:Infinity":1,"f:11:75:11:86":1,"s:11:92:11:132":2,"f:12:62:12:73":2,"s:12:79:12:115":3}}}
,"D:\\proyectos\\saasodontologico\\frontend\\react-app\\src\\pages\\auth\\UpdatePasswordPage.jsx": {"path":"D:\\proyectos\\saasodontologico\\frontend\\react-app\\src\\pages\\auth\\UpdatePasswordPage.jsx","statementMap":{"0":{"start":{"line":6,"column":25},"end":{"line":6,"column":54}},"1":{"start":{"line":8,"column":2},"end":{"line":18,"column":null}},"2":{"start":{"line":11,"column":92},"end":{"line":11,"column":132}},"3":{"start":{"line":12,"column":91},"end":{"line":12,"column":143}},"4":{"start":{"line":13,"column":119},"end":{"line":13,"column":175}},"5":{"start":{"line":14,"column":130},"end":{"line":14,"column":193}}},"fnMap":{"0":{"name":"UpdatePasswordPage","decl":{"start":{"line":5,"column":9},"end":{"line":5,"column":30}},"loc":{"start":{"line":5,"column":30},"end":{"line":18,"column":null}},"line":5},"1":{"name":"(anonymous_1)","decl":{"start":{"line":11,"column":75},"end":{"line":11,"column":86}},"loc":{"start":{"line":11,"column":92},"end":{"line":11,"column":132}},"line":11},"2":{"name":"(anonymous_2)","decl":{"start":{"line":12,"column":74},"end":{"line":12,"column":85}},"loc":{"start":{"line":12,"column":91},"end":{"line":12,"column":143}},"line":12},"3":{"name":"(anonymous_3)","decl":{"start":{"line":13,"column":102},"end":{"line":13,"column":113}},"loc":{"start":{"line":13,"column":119},"end":{"line":13,"column":175}},"line":13},"4":{"name":"(anonymous_4)","decl":{"start":{"line":14,"column":113},"end":{"line":14,"column":124}},"loc":{"start":{"line":14,"column":130},"end":{"line":14,"column":193}},"line":14}},"branchMap":{},"s":{"0":1,"1":1,"2":0,"3":0,"4":0,"5":0},"f":{"0":1,"1":0,"2":0,"3":0,"4":0},"b":{},"meta":{"lastBranch":0,"lastFunction":5,"lastStatement":6,"seen":{"f:5:9:5:30":0,"s:6:25:6:54":0,"s:8:2:18:Infinity":1,"f:11:75:11:86":1,"s:11:92:11:132":2,"f:12:74:12:85":2,"s:12:91:12:143":3,"f:13:102:13:113":3,"s:13:119:13:175":4,"f:14:113:14:124":4,"s:14:130:14:193":5}}}
,"D:\\proyectos\\saasodontologico\\frontend\\react-app\\src\\pages\\auth\\VerifyCodePage.jsx": {"path":"D:\\proyectos\\saasodontologico\\frontend\\react-app\\src\\pages\\auth\\VerifyCodePage.jsx","statementMap":{"0":{"start":{"line":6,"column":25},"end":{"line":6,"column":54}},"1":{"start":{"line":8,"column":2},"end":{"line":16,"column":null}},"2":{"start":{"line":11,"column":92},"end":{"line":11,"column":132}},"3":{"start":{"line":12,"column":78},"end":{"line":12,"column":116}}},"fnMap":{"0":{"name":"VerifyCodePage","decl":{"start":{"line":5,"column":9},"end":{"line":5,"column":26}},"loc":{"start":{"line":5,"column":26},"end":{"line":16,"column":null}},"line":5},"1":{"name":"(anonymous_1)","decl":{"start":{"line":11,"column":75},"end":{"line":11,"column":86}},"loc":{"start":{"line":11,"column":92},"end":{"line":11,"column":132}},"line":11},"2":{"name":"(anonymous_2)","decl":{"start":{"line":12,"column":61},"end":{"line":12,"column":72}},"loc":{"start":{"line":12,"column":78},"end":{"line":12,"column":116}},"line":12}},"branchMap":{},"s":{"0":1,"1":1,"2":0,"3":0},"f":{"0":1,"1":0,"2":0},"b":{},"meta":{"lastBranch":0,"lastFunction":3,"lastStatement":4,"seen":{"f:5:9:5:26":0,"s:6:25:6:54":0,"s:8:2:16:Infinity":1,"f:11:75:11:86":1,"s:11:92:11:132":2,"f:12:61:12:72":2,"s:12:78:12:116":3}}}
,"D:\\proyectos\\saasodontologico\\frontend\\react-app\\src\\pages\\dashboard\\ProtectedShellPage.jsx": {"path":"D:\\proyectos\\saasodontologico\\frontend\\react-app\\src\\pages\\dashboard\\ProtectedShellPage.jsx","statementMap":{"0":{"start":{"line":10,"column":26},"end":{"line":10,"column":56}},"1":{"start":{"line":11,"column":29},"end":{"line":11,"column":68}},"2":{"start":{"line":13,"column":2},"end":{"line":21,"column":null}},"3":{"start":{"line":14,"column":20},"end":{"line":16,"column":11}},"4":{"start":{"line":15,"column":6},"end":{"line":15,"column":null}},"5":{"start":{"line":18,"column":4},"end":{"line":19,"column":null}},"6":{"start":{"line":19,"column":6},"end":{"line":19,"column":null}},"7":{"start":{"line":23,"column":2},"end":{"line":34,"column":null}}},"fnMap":{"0":{"name":"ProtectedShellPage","decl":{"start":{"line":9,"column":9},"end":{"line":9,"column":30}},"loc":{"start":{"line":9,"column":30},"end":{"line":34,"column":null}},"line":9},"1":{"name":"(anonymous_1)","decl":{"start":{"line":13,"column":2},"end":{"line":13,"column":18}},"loc":{"start":{"line":13,"column":18},"end":{"line":21,"column":7}},"line":13},"2":{"name":"(anonymous_2)","decl":{"start":{"line":14,"column":20},"end":{"line":14,"column":37}},"loc":{"start":{"line":14,"column":37},"end":{"line":16,"column":11}},"line":14},"3":{"name":"(anonymous_3)","decl":{"start":{"line":18,"column":4},"end":{"line":18,"column":17}},"loc":{"start":{"line":18,"column":17},"end":{"line":19,"column":null}},"line":18}},"branchMap":{},"s":{"0":4,"1":4,"2":4,"3":3,"4":1,"5":3,"6":3,"7":4},"f":{"0":4,"1":3,"2":1,"3":3},"b":{},"meta":{"lastBranch":0,"lastFunction":4,"lastStatement":8,"seen":{"f:9:9:9:30":0,"s:10:26:10:56":0,"s:11:29:11:68":1,"s:13:2:21:Infinity":2,"f:13:2:13:18":1,"s:14:20:16:11":3,"f:14:20:14:37":2,"s:15:6:15:Infinity":4,"s:18:4:19:Infinity":5,"f:18:4:18:17":3,"s:19:6:19:Infinity":6,"s:23:2:34:Infinity":7}}}
,"D:\\proyectos\\saasodontologico\\frontend\\react-app\\src\\pages\\dashboard\\ShellRoutes.jsx": {"path":"D:\\proyectos\\saasodontologico\\frontend\\react-app\\src\\pages\\dashboard\\ShellRoutes.jsx","statementMap":{"0":{"start":{"line":9,"column":26},"end":{"line":9,"column":56}},"1":{"start":{"line":11,"column":2},"end":{"line":31,"column":null}},"2":{"start":{"line":14,"column":8},"end":{"line":24,"column":null}},"3":{"start":{"line":27,"column":8},"end":{"line":27,"column":null}}},"fnMap":{"0":{"name":"ShellRoutes","decl":{"start":{"line":8,"column":9},"end":{"line":8,"column":23}},"loc":{"start":{"line":8,"column":23},"end":{"line":31,"column":null}},"line":8},"1":{"name":"(anonymous_1)","decl":{"start":{"line":13,"column":30},"end":{"line":13,"column":35}},"loc":{"start":{"line":14,"column":8},"end":{"line":24,"column":null}},"line":14},"2":{"name":"(anonymous_2)","decl":{"start":{"line":26,"column":25},"end":{"line":26,"column":30}},"loc":{"start":{"line":27,"column":8},"end":{"line":27,"column":null}},"line":27}},"branchMap":{},"s":{"0":4,"1":4,"2":20,"3":20},"f":{"0":4,"1":20,"2":20},"b":{},"meta":{"lastBranch":0,"lastFunction":3,"lastStatement":4,"seen":{"f:8:9:8:23":0,"s:9:26:9:56":0,"s:11:2:31:Infinity":1,"f:13:30:13:35":1,"s:14:8:24:Infinity":2,"f:26:25:26:30":2,"s:27:8:27:Infinity":3}}}
,"D:\\proyectos\\saasodontologico\\frontend\\react-app\\src\\pages\\external-services\\ExternalServicesPage.jsx": {"path":"D:\\proyectos\\saasodontologico\\frontend\\react-app\\src\\pages\\external-services\\ExternalServicesPage.jsx","statementMap":{"0":{"start":{"line":26,"column":4},"end":{"line":27,"column":51}},"1":{"start":{"line":29,"column":2},"end":{"line":68,"column":null}}},"fnMap":{"0":{"name":"ExternalServicesPage","decl":{"start":{"line":7,"column":9},"end":{"line":7,"column":30}},"loc":{"start":{"line":7,"column":51},"end":{"line":68,"column":null}},"line":7}},"branchMap":{},"s":{"0":4,"1":4},"f":{"0":4},"b":{},"meta":{"lastBranch":0,"lastFunction":1,"lastStatement":2,"seen":{"f:7:9:7:30":0,"s:26:4:27:51":0,"s:29:2:68:Infinity":1}}}
,"D:\\proyectos\\saasodontologico\\frontend\\react-app\\src\\pages\\external-services\\components\\EmailServiceCard.jsx": {"path":"D:\\proyectos\\saasodontologico\\frontend\\react-app\\src\\pages\\external-services\\components\\EmailServiceCard.jsx","statementMap":{"0":{"start":{"line":4,"column":2},"end":{"line":19,"column":null}},"1":{"start":{"line":10,"column":90},"end":{"line":10,"column":132}},"2":{"start":{"line":11,"column":81},"end":{"line":11,"column":128}},"3":{"start":{"line":12,"column":84},"end":{"line":12,"column":132}},"4":{"start":{"line":13,"column":78},"end":{"line":13,"column":129}},"5":{"start":{"line":14,"column":84},"end":{"line":14,"column":139}}},"fnMap":{"0":{"name":"EmailServiceCard","decl":{"start":{"line":3,"column":9},"end":{"line":3,"column":26}},"loc":{"start":{"line":3,"column":86},"end":{"line":19,"column":null}},"line":3},"1":{"name":"(anonymous_1)","decl":{"start":{"line":10,"column":73},"end":{"line":10,"column":84}},"loc":{"start":{"line":10,"column":90},"end":{"line":10,"column":132}},"line":10},"2":{"name":"(anonymous_2)","decl":{"start":{"line":11,"column":64},"end":{"line":11,"column":75}},"loc":{"start":{"line":11,"column":81},"end":{"line":11,"column":128}},"line":11},"3":{"name":"(anonymous_3)","decl":{"start":{"line":12,"column":67},"end":{"line":12,"column":78}},"loc":{"start":{"line":12,"column":84},"end":{"line":12,"column":132}},"line":12},"4":{"name":"(anonymous_4)","decl":{"start":{"line":13,"column":61},"end":{"line":13,"column":72}},"loc":{"start":{"line":13,"column":78},"end":{"line":13,"column":129}},"line":13},"5":{"name":"(anonymous_5)","decl":{"start":{"line":14,"column":67},"end":{"line":14,"column":78}},"loc":{"start":{"line":14,"column":84},"end":{"line":14,"column":139}},"line":14}},"branchMap":{"0":{"loc":{"start":{"line":15,"column":60},"end":{"line":15,"column":123}},"type":"cond-expr","locations":[{"start":{"line":15,"column":82},"end":{"line":15,"column":98}},{"start":{"line":15,"column":98},"end":{"line":15,"column":123}}],"line":15}},"s":{"0":5,"1":0,"2":0,"3":0,"4":1,"5":0},"f":{"0":5,"1":0,"2":0,"3":0,"4":1,"5":0},"b":{"0":[1,4]},"meta":{"lastBranch":1,"lastFunction":6,"lastStatement":6,"seen":{"f:3:9:3:26":0,"s:4:2:19:Infinity":0,"f:10:73:10:84":1,"s:10:90:10:132":1,"f:11:64:11:75":2,"s:11:81:11:128":2,"f:12:67:12:78":3,"s:12:84:12:132":3,"f:13:61:13:72":4,"s:13:78:13:129":4,"f:14:67:14:78":5,"s:14:84:14:139":5,"b:15:82:15:98:15:98:15:123":0}}}
,"D:\\proyectos\\saasodontologico\\frontend\\react-app\\src\\pages\\external-services\\components\\FileMetadataServiceCard.jsx": {"path":"D:\\proyectos\\saasodontologico\\frontend\\react-app\\src\\pages\\external-services\\components\\FileMetadataServiceCard.jsx","statementMap":{"0":{"start":{"line":11,"column":2},"end":{"line":29,"column":null}},"1":{"start":{"line":17,"column":73},"end":{"line":17,"column":107}}},"fnMap":{"0":{"name":"FileMetadataServiceCard","decl":{"start":{"line":4,"column":9},"end":{"line":4,"column":33}},"loc":{"start":{"line":10,"column":3},"end":{"line":29,"column":null}},"line":10},"1":{"name":"(anonymous_1)","decl":{"start":{"line":17,"column":56},"end":{"line":17,"column":67}},"loc":{"start":{"line":17,"column":73},"end":{"line":17,"column":107}},"line":17}},"branchMap":{"0":{"loc":{"start":{"line":18,"column":63},"end":{"line":18,"column":137}},"type":"cond-expr","locations":[{"start":{"line":18,"column":88},"end":{"line":18,"column":107}},{"start":{"line":18,"column":107},"end":{"line":18,"column":137}}],"line":18},"1":{"loc":{"start":{"line":20,"column":7},"end":{"line":21,"column":null}},"type":"binary-expr","locations":[{"start":{"line":20,"column":7},"end":{"line":20,"column":20}},{"start":{"line":20,"column":20},"end":{"line":20,"column":47}},{"start":{"line":20,"column":47},"end":{"line":20,"column":72}},{"start":{"line":20,"column":72},"end":{"line":20,"column":null}},{"start":{"line":21,"column":8},"end":{"line":21,"column":null}}],"line":20},"2":{"loc":{"start":{"line":24,"column":7},"end":{"line":24,"column":null}},"type":"binary-expr","locations":[{"start":{"line":24,"column":7},"end":{"line":24,"column":19}},{"start":{"line":24,"column":19},"end":{"line":24,"column":null}}],"line":24}},"s":{"0":5,"1":1},"f":{"0":5,"1":1},"b":{"0":[1,4],"1":[5,5,4,4,4],"2":[5,0]},"meta":{"lastBranch":3,"lastFunction":2,"lastStatement":2,"seen":{"f:4:9:4:33":0,"s:11:2:29:Infinity":0,"f:17:56:17:67":1,"s:17:73:17:107":1,"b:18:88:18:107:18:107:18:137":0,"b:20:7:20:20:20:20:20:47:20:47:20:72:20:72:20:Infinity:21:8:21:Infinity":1,"b:24:7:24:19:24:19:24:Infinity":2}}}
,"D:\\proyectos\\saasodontologico\\frontend\\react-app\\src\\pages\\external-services\\components\\FileUploadServiceCard.jsx": {"path":"D:\\proyectos\\saasodontologico\\frontend\\react-app\\src\\pages\\external-services\\components\\FileUploadServiceCard.jsx","statementMap":{"0":{"start":{"line":10,"column":2},"end":{"line":34,"column":null}},"1":{"start":{"line":16,"column":86},"end":{"line":16,"column":134}},"2":{"start":{"line":17,"column":90},"end":{"line":17,"column":140}},"3":{"start":{"line":18,"column":92},"end":{"line":18,"column":143}},"4":{"start":{"line":25,"column":12},"end":{"line":25,"column":null}}},"fnMap":{"0":{"name":"FileUploadServiceCard","decl":{"start":{"line":3,"column":9},"end":{"line":3,"column":31}},"loc":{"start":{"line":9,"column":3},"end":{"line":34,"column":null}},"line":9},"1":{"name":"(anonymous_1)","decl":{"start":{"line":16,"column":69},"end":{"line":16,"column":80}},"loc":{"start":{"line":16,"column":86},"end":{"line":16,"column":134}},"line":16},"2":{"name":"(anonymous_2)","decl":{"start":{"line":17,"column":73},"end":{"line":17,"column":84}},"loc":{"start":{"line":17,"column":90},"end":{"line":17,"column":140}},"line":17},"3":{"name":"(anonymous_3)","decl":{"start":{"line":18,"column":75},"end":{"line":18,"column":86}},"loc":{"start":{"line":18,"column":92},"end":{"line":18,"column":143}},"line":18},"4":{"name":"(anonymous_4)","decl":{"start":{"line":24,"column":20},"end":{"line":24,"column":27}},"loc":{"start":{"line":24,"column":33},"end":{"line":25,"column":null}},"line":24}},"branchMap":{"0":{"loc":{"start":{"line":29,"column":61},"end":{"line":29,"column":125}},"type":"cond-expr","locations":[{"start":{"line":29,"column":84},"end":{"line":29,"column":100}},{"start":{"line":29,"column":100},"end":{"line":29,"column":125}}],"line":29}},"s":{"0":5,"1":0,"2":0,"3":0,"4":2},"f":{"0":5,"1":0,"2":0,"3":0,"4":2},"b":{"0":[1,4]},"meta":{"lastBranch":1,"lastFunction":5,"lastStatement":5,"seen":{"f:3:9:3:31":0,"s:10:2:34:Infinity":0,"f:16:69:16:80":1,"s:16:86:16:134":1,"f:17:73:17:84":2,"s:17:90:17:140":2,"f:18:75:18:86":3,"s:18:92:18:143":3,"f:24:20:24:27":4,"s:25:12:25:Infinity":4,"b:29:84:29:100:29:100:29:125":0}}}
,"D:\\proyectos\\saasodontologico\\frontend\\react-app\\src\\pages\\external-services\\components\\ServiceFeedback.jsx": {"path":"D:\\proyectos\\saasodontologico\\frontend\\react-app\\src\\pages\\external-services\\components\\ServiceFeedback.jsx","statementMap":{"0":{"start":{"line":7,"column":2},"end":{"line":7,"column":null}},"1":{"start":{"line":7,"column":22},"end":{"line":7,"column":null}},"2":{"start":{"line":8,"column":2},"end":{"line":8,"column":null}},"3":{"start":{"line":8,"column":20},"end":{"line":8,"column":null}},"4":{"start":{"line":9,"column":2},"end":{"line":9,"column":null}},"5":{"start":{"line":9,"column":22},"end":{"line":9,"column":null}},"6":{"start":{"line":10,"column":2},"end":{"line":10,"column":null}},"7":{"start":{"line":10,"column":20},"end":{"line":10,"column":null}},"8":{"start":{"line":11,"column":2},"end":{"line":11,"column":null}}},"fnMap":{"0":{"name":"ServiceFeedback","decl":{"start":{"line":6,"column":9},"end":{"line":6,"column":25}},"loc":{"start":{"line":6,"column":67},"end":{"line":11,"column":null}},"line":6}},"branchMap":{"0":{"loc":{"start":{"line":7,"column":2},"end":{"line":7,"column":null}},"type":"if","locations":[{"start":{"line":7,"column":2},"end":{"line":7,"column":null}},{"start":{},"end":{}}],"line":7},"1":{"loc":{"start":{"line":8,"column":2},"end":{"line":8,"column":null}},"type":"if","locations":[{"start":{"line":8,"column":2},"end":{"line":8,"column":null}},{"start":{},"end":{}}],"line":8},"2":{"loc":{"start":{"line":9,"column":2},"end":{"line":9,"column":null}},"type":"if","locations":[{"start":{"line":9,"column":2},"end":{"line":9,"column":null}},{"start":{},"end":{}}],"line":9},"3":{"loc":{"start":{"line":10,"column":2},"end":{"line":10,"column":null}},"type":"if","locations":[{"start":{"line":10,"column":2},"end":{"line":10,"column":null}},{"start":{},"end":{}}],"line":10}},"s":{"0":20,"1":4,"2":16,"3":16,"4":14,"5":14,"6":12,"7":12,"8":12},"f":{"0":20},"b":{"0":[4,16],"1":[2,14],"2":[2,12],"3":[0,12]},"meta":{"lastBranch":4,"lastFunction":1,"lastStatement":9,"seen":{"f:6:9:6:25":0,"b:7:2:7:Infinity:undefined:undefined:undefined:undefined":0,"s:7:2:7:Infinity":0,"s:7:22:7:Infinity":1,"b:8:2:8:Infinity:undefined:undefined:undefined:undefined":1,"s:8:2:8:Infinity":2,"s:8:20:8:Infinity":3,"b:9:2:9:Infinity:undefined:undefined:undefined:undefined":2,"s:9:2:9:Infinity":4,"s:9:22:9:Infinity":5,"b:10:2:10:Infinity:undefined:undefined:undefined:undefined":3,"s:10:2:10:Infinity":6,"s:10:20:10:Infinity":7,"s:11:2:11:Infinity":8}}}
,"D:\\proyectos\\saasodontologico\\frontend\\react-app\\src\\pages\\external-services\\components\\WhatsappServiceCard.jsx": {"path":"D:\\proyectos\\saasodontologico\\frontend\\react-app\\src\\pages\\external-services\\components\\WhatsappServiceCard.jsx","statementMap":{"0":{"start":{"line":4,"column":2},"end":{"line":17,"column":null}},"1":{"start":{"line":10,"column":85},"end":{"line":10,"column":139}},"2":{"start":{"line":11,"column":85},"end":{"line":11,"column":135}},"3":{"start":{"line":12,"column":83},"end":{"line":12,"column":135}}},"fnMap":{"0":{"name":"WhatsappServiceCard","decl":{"start":{"line":3,"column":9},"end":{"line":3,"column":29}},"loc":{"start":{"line":3,"column":98},"end":{"line":17,"column":null}},"line":3},"1":{"name":"(anonymous_1)","decl":{"start":{"line":10,"column":68},"end":{"line":10,"column":79}},"loc":{"start":{"line":10,"column":85},"end":{"line":10,"column":139}},"line":10},"2":{"name":"(anonymous_2)","decl":{"start":{"line":11,"column":68},"end":{"line":11,"column":79}},"loc":{"start":{"line":11,"column":85},"end":{"line":11,"column":135}},"line":11},"3":{"name":"(anonymous_3)","decl":{"start":{"line":12,"column":66},"end":{"line":12,"column":77}},"loc":{"start":{"line":12,"column":83},"end":{"line":12,"column":135}},"line":12}},"branchMap":{"0":{"loc":{"start":{"line":13,"column":63},"end":{"line":13,"column":131}},"type":"cond-expr","locations":[{"start":{"line":13,"column":88},"end":{"line":13,"column":104}},{"start":{"line":13,"column":104},"end":{"line":13,"column":131}}],"line":13}},"s":{"0":5,"1":0,"2":0,"3":0},"f":{"0":5,"1":0,"2":0,"3":0},"b":{"0":[1,4]},"meta":{"lastBranch":1,"lastFunction":4,"lastStatement":4,"seen":{"f:3:9:3:29":0,"s:4:2:17:Infinity":0,"f:10:68:10:79":1,"s:10:85:10:139":1,"f:11:68:11:79":2,"s:11:85:11:135":2,"f:12:66:12:77":3,"s:12:83:12:135":3,"b:13:88:13:104:13:104:13:131":0}}}
,"D:\\proyectos\\saasodontologico\\frontend\\react-app\\src\\services\\auth\\authService.js": {"path":"D:\\proyectos\\saasodontologico\\frontend\\react-app\\src\\services\\auth\\authService.js","statementMap":{"0":{"start":{"line":6,"column":15},"end":{"line":12,"column":4}},"1":{"start":{"line":14,"column":20},"end":{"line":14,"column":null}},"2":{"start":{"line":15,"column":2},"end":{"line":16,"column":null}},"3":{"start":{"line":16,"column":4},"end":{"line":16,"column":null}},"4":{"start":{"line":19,"column":2},"end":{"line":22,"column":null}},"5":{"start":{"line":26,"column":2},"end":{"line":32,"column":null}}},"fnMap":{"0":{"name":"loginRequest","decl":{"start":{"line":5,"column":22},"end":{"line":5,"column":35}},"loc":{"start":{"line":5,"column":44},"end":{"line":22,"column":null}},"line":5},"1":{"name":"postAuthRequest","decl":{"start":{"line":25,"column":16},"end":{"line":25,"column":32}},"loc":{"start":{"line":25,"column":47},"end":{"line":32,"column":null}},"line":25}},"branchMap":{"0":{"loc":{"start":{"line":14,"column":20},"end":{"line":14,"column":null}},"type":"binary-expr","locations":[{"start":{"line":14,"column":20},"end":{"line":14,"column":41}},{"start":{"line":14,"column":41},"end":{"line":14,"column":56}},{"start":{"line":14,"column":56},"end":{"line":14,"column":null}}],"line":14},"1":{"loc":{"start":{"line":15,"column":2},"end":{"line":16,"column":null}},"type":"if","locations":[{"start":{"line":15,"column":2},"end":{"line":16,"column":null}},{"start":{},"end":{}}],"line":15}},"s":{"0":2,"1":2,"2":2,"3":1,"4":1,"5":1},"f":{"0":2,"1":1},"b":{"0":[2,1,1],"1":[1,1]},"meta":{"lastBranch":2,"lastFunction":2,"lastStatement":6,"seen":{"f:5:22:5:35":0,"s:6:15:12:4":0,"s:14:20:14:Infinity":1,"b:14:20:14:41:14:41:14:56:14:56:14:Infinity":0,"b:15:2:16:Infinity:undefined:undefined:undefined:undefined":1,"s:15:2:16:Infinity":2,"s:16:4:16:Infinity":3,"s:19:2:22:Infinity":4,"f:25:16:25:32":1,"s:26:2:32:Infinity":5}}}
,"D:\\proyectos\\saasodontologico\\frontend\\react-app\\src\\services\\auth\\authWorkflowService.js": {"path":"D:\\proyectos\\saasodontologico\\frontend\\react-app\\src\\services\\auth\\authWorkflowService.js","statementMap":{"0":{"start":{"line":4,"column":2},"end":{"line":4,"column":null}},"1":{"start":{"line":8,"column":2},"end":{"line":8,"column":null}},"2":{"start":{"line":12,"column":2},"end":{"line":12,"column":null}},"3":{"start":{"line":16,"column":2},"end":{"line":21,"column":null}}},"fnMap":{"0":{"name":"authenticateUser","decl":{"start":{"line":3,"column":16},"end":{"line":3,"column":33}},"loc":{"start":{"line":3,"column":46},"end":{"line":4,"column":null}},"line":3},"1":{"name":"requestRecoveryCode","decl":{"start":{"line":7,"column":16},"end":{"line":7,"column":36}},"loc":{"start":{"line":7,"column":57},"end":{"line":8,"column":null}},"line":7},"2":{"name":"verifyRecoveryCode","decl":{"start":{"line":11,"column":16},"end":{"line":11,"column":35}},"loc":{"start":{"line":11,"column":62},"end":{"line":12,"column":null}},"line":11},"3":{"name":"updateUserPassword","decl":{"start":{"line":15,"column":16},"end":{"line":15,"column":35}},"loc":{"start":{"line":15,"column":75},"end":{"line":21,"column":null}},"line":15}},"branchMap":{},"s":{"0":1,"1":1,"2":1,"3":1},"f":{"0":1,"1":1,"2":1,"3":1},"b":{},"meta":{"lastBranch":0,"lastFunction":4,"lastStatement":4,"seen":{"f:3:16:3:33":0,"s:4:2:4:Infinity":0,"f:7:16:7:36":1,"s:8:2:8:Infinity":1,"f:11:16:11:35":2,"s:12:2:12:Infinity":2,"f:15:16:15:35":3,"s:16:2:21:Infinity":3}}}
,"D:\\proyectos\\saasodontologico\\frontend\\react-app\\src\\services\\auth\\index.js": {"path":"D:\\proyectos\\saasodontologico\\frontend\\react-app\\src\\services\\auth\\index.js","statementMap":{},"fnMap":{},"branchMap":{},"s":{},"f":{},"b":{},"meta":{"lastBranch":0,"lastFunction":0,"lastStatement":0,"seen":{}}}
,"D:\\proyectos\\saasodontologico\\frontend\\react-app\\src\\services\\external\\externalServicesService.js": {"path":"D:\\proyectos\\saasodontologico\\frontend\\react-app\\src\\services\\external\\externalServicesService.js","statementMap":{"0":{"start":{"line":5,"column":2},"end":{"line":5,"column":null}},"1":{"start":{"line":9,"column":2},"end":{"line":9,"column":null}},"2":{"start":{"line":13,"column":2},"end":{"line":13,"column":null}},"3":{"start":{"line":17,"column":2},"end":{"line":17,"column":null}}},"fnMap":{"0":{"name":"sendExternalEmail","decl":{"start":{"line":4,"column":16},"end":{"line":4,"column":34}},"loc":{"start":{"line":4,"column":64},"end":{"line":5,"column":null}},"line":4},"1":{"name":"sendExternalWhatsapp","decl":{"start":{"line":8,"column":16},"end":{"line":8,"column":37}},"loc":{"start":{"line":8,"column":67},"end":{"line":9,"column":null}},"line":8},"2":{"name":"uploadExternalFile","decl":{"start":{"line":12,"column":16},"end":{"line":12,"column":35}},"loc":{"start":{"line":12,"column":65},"end":{"line":13,"column":null}},"line":12},"3":{"name":"getExternalFileMetadata","decl":{"start":{"line":16,"column":16},"end":{"line":16,"column":40}},"loc":{"start":{"line":16,"column":69},"end":{"line":17,"column":null}},"line":16}},"branchMap":{},"s":{"0":1,"1":1,"2":1,"3":1},"f":{"0":1,"1":1,"2":1,"3":1},"b":{},"meta":{"lastBranch":0,"lastFunction":4,"lastStatement":4,"seen":{"f:4:16:4:34":0,"s:5:2:5:Infinity":0,"f:8:16:8:37":1,"s:9:2:9:Infinity":1,"f:12:16:12:35":2,"s:13:2:13:Infinity":2,"f:16:16:16:40":3,"s:17:2:17:Infinity":3}}}
,"D:\\proyectos\\saasodontologico\\frontend\\react-app\\src\\services\\external\\index.js": {"path":"D:\\proyectos\\saasodontologico\\frontend\\react-app\\src\\services\\external\\index.js","statementMap":{},"fnMap":{},"branchMap":{},"s":{},"f":{},"b":{},"meta":{"lastBranch":0,"lastFunction":0,"lastStatement":0,"seen":{}}}
,"D:\\proyectos\\saasodontologico\\frontend\\react-app\\src\\services\\files\\filesService.js": {"path":"D:\\proyectos\\saasodontologico\\frontend\\react-app\\src\\services\\files\\filesService.js","statementMap":{"0":{"start":{"line":6,"column":2},"end":{"line":12,"column":null}},"1":{"start":{"line":16,"column":2},"end":{"line":22,"column":null}}},"fnMap":{"0":{"name":"uploadFileToGateway","decl":{"start":{"line":5,"column":16},"end":{"line":5,"column":36}},"loc":{"start":{"line":5,"column":66},"end":{"line":12,"column":null}},"line":5},"1":{"name":"getFileMetadataFromGateway","decl":{"start":{"line":15,"column":16},"end":{"line":15,"column":43}},"loc":{"start":{"line":15,"column":72},"end":{"line":22,"column":null}},"line":15}},"branchMap":{},"s":{"0":1,"1":1},"f":{"0":1,"1":1},"b":{},"meta":{"lastBranch":0,"lastFunction":2,"lastStatement":2,"seen":{"f:5:16:5:36":0,"s:6:2:12:Infinity":0,"f:15:16:15:43":1,"s:16:2:22:Infinity":1}}}
,"D:\\proyectos\\saasodontologico\\frontend\\react-app\\src\\services\\http\\apiClient.js": {"path":"D:\\proyectos\\saasodontologico\\frontend\\react-app\\src\\services\\http\\apiClient.js","statementMap":{"0":{"start":{"line":3,"column":27},"end":{"line":3,"column":null}},"1":{"start":{"line":6,"column":2},"end":{"line":6,"column":null}},"2":{"start":{"line":6,"column":34},"end":{"line":6,"column":null}},"3":{"start":{"line":7,"column":25},"end":{"line":7,"column":66}},"4":{"start":{"line":8,"column":25},"end":{"line":8,"column":63}},"5":{"start":{"line":9,"column":2},"end":{"line":9,"column":null}},"6":{"start":{"line":22,"column":14},"end":{"line":22,"column":46}},"7":{"start":{"line":24,"column":2},"end":{"line":27,"column":null}},"8":{"start":{"line":25,"column":4},"end":{"line":27,"column":null}},"9":{"start":{"line":26,"column":6},"end":{"line":26,"column":null}},"10":{"start":{"line":26,"column":65},"end":{"line":26,"column":null}},"11":{"start":{"line":27,"column":6},"end":{"line":27,"column":null}},"12":{"start":{"line":31,"column":26},"end":{"line":31,"column":47}},"13":{"start":{"line":32,"column":25},"end":{"line":32,"column":null}},"14":{"start":{"line":33,"column":20},"end":{"line":33,"column":72}},"15":{"start":{"line":33,"column":37},"end":{"line":33,"column":60}},"16":{"start":{"line":36,"column":2},"end":{"line":46,"column":null}},"17":{"start":{"line":37,"column":4},"end":{"line":42,"column":null}},"18":{"start":{"line":44,"column":4},"end":{"line":44,"column":null}},"19":{"start":{"line":46,"column":4},"end":{"line":46,"column":null}},"20":{"start":{"line":49,"column":2},"end":{"line":50,"column":null}},"21":{"start":{"line":50,"column":4},"end":{"line":50,"column":null}},"22":{"start":{"line":53,"column":22},"end":{"line":53,"column":null}},"23":{"start":{"line":54,"column":2},"end":{"line":55,"column":null}},"24":{"start":{"line":55,"column":4},"end":{"line":55,"column":null}},"25":{"start":{"line":58,"column":2},"end":{"line":58,"column":null}}},"fnMap":{"0":{"name":"buildUrl","decl":{"start":{"line":5,"column":9},"end":{"line":5,"column":18}},"loc":{"start":{"line":5,"column":33},"end":{"line":9,"column":null}},"line":5},"1":{"name":"re
[...]
{"start":{"line":8,"column":32},"end":{"line":8,"column":43}},"type":"binary-expr","locations":[{"start":{"line":8,"column":32},"end":{"line":8,"column":40}},{"start":{"line":8,"column":40},"end":{"line":8,"column":43}}],"line":8},"3":{"loc":{"start":{"line":12,"column":30},"end":{"line":21,"column":6}},"type":"default-arg","locations":[{"start":{"line":21,"column":4},"end":{"line":21,"column":6}}],"line":12},"4":{"loc":{"start":{"line":15,"column":2},"end":{"line":15,"column":null}},"type":"default-arg","locations":[{"start":{"line":15,"column":11},"end":{"line":15,"column":null}}],"line":15},"5":{"loc":{"start":{"line":16,"column":2},"end":{"line":16,"column":14}},"type":"default-arg","locations":[{"start":{"line":16,"column":12},"end":{"line":16,"column":14}}],"line":16},"6":{"loc":{"start":{"line":19,"column":2},"end":{"line":19,"column":null}},"type":"default-arg","locations":[{"start":{"line":19,"column":14},"end":{"line":19,"column":null}}],"line":19},"7":{"loc":{"start":{"line":24,"column":2},"end":{"line":27,"column":null}},"type":"if","locations":[{"start":{"line":24,"column":2},"end":{"line":27,"column":null}},{"start":{},"end":{}}],"line":24},"8":{"loc":{"start":{"line":24,"column":6},"end":{"line":24,"column":42}},"type":"binary-expr","locations":[{"start":{"line":24,"column":6},"end":{"line":24,"column":15}},{"start":{"line":24,"column":15},"end":{"line":24,"column":42}}],"line":24},"9":{"loc":{"start":{"line":26,"column":6},"end":{"line":26,"column":null}},"type":"if","locations":[{"start":{"line":26,"column":6},"end":{"line":26,"column":null}},{"start":{},"end":{}}],"line":26},"10":{"loc":{"start":{"line":26,"column":10},"end":{"line":26,"column":65}},"type":"binary-expr","locations":[{"start":{"line":26,"column":10},"end":{"line":26,"column":33}},{"start":{"line":26,"column":33},"end":{"line":26,"column":51}},{"start":{"line":26,"column":51},"end":{"line":26,"column":65}}],"line":26},"11":{"loc":{"start":{"line":32,"column":25},"end":{"line":32,"column":null}},"type":"binary-expr","locations":[{"start":{"line":32,"column":25},"end":{"line":32,"column":35}},{"start":{"line":32,"column":35},"end":{"line":32,"column":null}}],"line":32},"12":{"loc":{"start":{"line":49,"column":2},"end":{"line":50,"column":null}},"type":"if","locations":[{"start":{"line":49,"column":2},"end":{"line":50,"column":null}},{"start":{},"end":{}}],"line":49},"13":{"loc":{"start":{"line":53,"column":22},"end":{"line":53,"column":null}},"type":"binary-expr","locations":[{"start":{"line":53,"column":22},"end":{"line":53,"column":58}},{"start":{"line":53,"column":62},"end":{"line":53,"column":null}}],"line":53},"14":{"loc":{"start":{"line":54,"column":2},"end":{"line":55,"column":null}},"type":"if","locations":[{"start":{"line":54,"column":2},"end":{"line":55,"column":null}},{"start":{},"end":{}}],"line":54}},"s":{"0":3,"1":4,"2":0,"3":4,"4":4,"5":4,"6":4,"7":4,"8":1,"9":3,"10":1,"11":2,"12":4,"13":4,"14":4,"15":0,"16":4,"17":4,"18":1,"19":4,"20":3,"21":1,"22":2,"23":4,"24":1,"25":1},"f":{"0":4,"1":4,"2":0},"b":{"0":[0,4],"1":[4,0],"2":[4,0],"3":[4],"4":[4],"5":[4],"6":[4],"7":[1,3],"8":[4,1],"9":[1,2],"10":[3,3,3],"11":[4,4],"12":[1,2],"13":[2,0],"14":[1,3]},"meta":{"lastBranch":15,"lastFunction":3,"lastStatement":26,"seen":{"s:3:27:3:Infinity":0,"f:5:9:5:18":0,"b:6:2:6:Infinity:undefined:undefined:undefined:undefined":0,"s:6:2:6:Infinity":1,"s:6:34:6:Infinity":2,"s:7:25:7:66":3,"b:7:32:7:43:7:43:7:46":1,"s:8:25:8:63":4,"b:8:32:8:40:8:40:8:43":2,"s:9:2:9:Infinity":5,"f:12:22:12:30":1,"b:21:4:21:6":3,"b:15:11:15:Infinity":4,"b:16:12:16:14":5,"b:19:14:19:Infinity":6,"s:22:14:22:46":6,"b:24:2:27:Infinity:undefined:undefined:undefined:undefined":7,"s:24:2:27:Infinity":7,"b:24:6:24:15:24:15:24:42":8,"s:25:4:27:Infinity":8,"b:26:6:26:Infinity:undefined:undefined:undefined:undefined":9,"s:26:6:26:Infinity":9,"b:26:10:26:33:26:33:26:51:26:51:26:65":10,"s:26:65:26:Infinity":10,"s:27:6:27:Infinity":11,"s:31:26:31:47":12,"s:32:25:32:Infinity":13,"b:32:25:32:35:32:35:32:Infinity":11,"s:33:20:33:72":14,"f:33:20:33:37":2,"s:33:37:33:60":15,"s:36:2:46:Infinity":16,"s:37:4:42:Infinity":17,"s:44:4:44:Infinity":18,"s:46:4:46:Infinity":19,"b:49:2:50:Infinity:undefined:undefined:undefined:undefined":12,"s:49:2:50:Infinity":20,"s:50:4:50:Infinity":21,"s:53:22:53:Infinity":22,"b:53:22:53:58:53:62:53:Infinity":13,"b:54:2:55:Infinity:undefined:undefined:undefined:undefined":14,"s:54:2:55:Infinity":23,"s:55:4:55:Infinity":24,"s:58:2:58:Infinity":25}}}
,"D:\\proyectos\\saasodontologico\\frontend\\react-app\\src\\services\\http\\authHeaders.js": {"path":"D:\\proyectos\\saasodontologico\\frontend\\react-app\\src\\services\\http\\authHeaders.js","statementMap":{"0":{"start":{"line":2,"column":18},"end":{"line":2,"column":20}},"1":{"start":{"line":4,"column":2},"end":{"line":5,"column":null}},"2":{"start":{"line":5,"column":4},"end":{"line":5,"column":null}},"3":{"start":{"line":8,"column":2},"end":{"line":9,"column":null}},"4":{"start":{"line":9,"column":4},"end":{"line":9,"column":null}},"5":{"start":{"line":12,"column":2},"end":{"line":13,"column":null}},"6":{"start":{"line":13,"column":4},"end":{"line":13,"column":null}},"7":{"start":{"line":16,"column":2},"end":{"line":16,"column":null}}},"fnMap":{"0":{"name":"buildAuthHeaders","decl":{"start":{"line":1,"column":16},"end":{"line":1,"column":33}},"loc":{"start":{"line":1,"column":93},"end":{"line":16,"column":null}},"line":1}},"branchMap":{"0":{"loc":{"start":{"line":1,"column":33},"end":{"line":1,"column":91}},"type":"default-arg","locations":[{"start":{"line":1,"column":89},"end":{"line":1,"column":91}}],"line":1},"1":{"loc":{"start":{"line":1,"column":52},"end":{"line":1,"column":89}},"type":"default-arg","locations":[{"start":{"line":1,"column":66},"end":{"line":1,"column":89}}],"line":1},"2":{"loc":{"start":{"line":4,"column":2},"end":{"line":5,"column":null}},"type":"if","locations":[{"start":{"line":4,"column":2},"end":{"line":5,"column":null}},{"start":{},"end":{}}],"line":4},"3":{"loc":{"start":{"line":8,"column":2},"end":{"line":9,"column":null}},"type":"if","locations":[{"start":{"line":8,"column":2},"end":{"line":9,"column":null}},{"start":{},"end":{}}],"line":8},"4":{"loc":{"start":{"line":12,"column":2},"end":{"line":13,"column":null}},"type":"if","locations":[{"start":{"line":12,"column":2},"end":{"line":13,"column":null}},{"start":{},"end":{}}],"line":12}},"s":{"0":2,"1":2,"2":1,"3":2,"4":2,"5":2,"6":1,"7":2},"f":{"0":2},"b":{"0":[2],"1":[2],"2":[1,1],"3":[2,0],"4":[1,1]},"meta":{"lastBranch":5,"lastFunction":1,"lastStatement":8,"seen":{"f:1:16:1:33":0,"b:1:89:1:91":0,"b:1:66:1:89":1,"s:2:18:2:20":0,"b:4:2:5:Infinity:undefined:undefined:undefined:undefined":2,"s:4:2:5:Infinity":1,"s:5:4:5:Infinity":2,"b:8:2:9:Infinity:undefined:undefined:undefined:undefined":3,"s:8:2:9:Infinity":3,"s:9:4:9:Infinity":4,"b:12:2:13:Infinity:undefined:undefined:undefined:undefined":4,"s:12:2:13:Infinity":5,"s:13:4:13:Infinity":6,"s:16:2:16:Infinity":7}}}
,"D:\\proyectos\\saasodontologico\\frontend\\react-app\\src\\services\\http\\errorMapper.js": {"path":"D:\\proyectos\\saasodontologico\\frontend\\react-app\\src\\services\\http\\errorMapper.js","statementMap":{"0":{"start":{"line":2,"column":2},"end":{"line":18,"column":null}},"1":{"start":{"line":4,"column":6},"end":{"line":4,"column":null}},"2":{"start":{"line":6,"column":6},"end":{"line":6,"column":null}},"3":{"start":{"line":8,"column":6},"end":{"line":8,"column":null}},"4":{"start":{"line":10,"column":6},"end":{"line":10,"column":null}},"5":{"start":{"line":12,"column":6},"end":{"line":12,"column":null}},"6":{"start":{"line":14,"column":6},"end":{"line":14,"column":null}},"7":{"start":{"line":16,"column":6},"end":{"line":16,"column":null}},"8":{"start":{"line":18,"column":6},"end":{"line":18,"column":null}},"9":{"start":{"line":23,"column":2},"end":{"line":26,"column":null}},"10":{"start":{"line":24,"column":18},"end":{"line":24,"column":85}},"11":{"start":{"line":25,"column":4},"end":{"line":25,"column":null}},"12":{"start":{"line":26,"column":4},"end":{"line":26,"column":null}},"13":{"start":{"line":29,"column":23},"end":{"line":29,"column":87}},"14":{"start":{"line":30,"column":2},"end":{"line":30,"column":null}},"15":{"start":{"line":31,"column":2},"end":{"line":31,"column":null}},"16":{"start":{"line":32,"column":2},"end":{"line":32,"column":null}},"17":{"start":{"line":38,"column":2},"end":{"line":41,"column":null}},"18":{"start":{"line":39,"column":4},"end":{"line":39,"column":null}},"19":{"start":{"line":41,"column":4},"end":{"line":41,"column":null}},"20":{"start":{"line":45,"column":4},"end":{"line":47,"column":44}},"21":{"start":{"line":49,"column":16},"end":{"line":49,"column":34}},"22":{"start":{"line":50,"column":2},"end":{"line":50,"column":null}},"23":{"start":{"line":51,"column":2},"end":{"line":51,"column":null}},"24":{"start":{"line":52,"column":2},"end":{"line":52,"column":null}}},"fnMap":{"0":{"name":"defaultMessageByStatus","decl":{"start":{"line":1,"column":9},"end":{"line":1,"column":32}},"loc":{"start":{"line":1,"column":40},"end":{"line":18,"column":null}},"line":1},"1":{"name":"mapNetworkError","decl":{"start":{"line":22,"column":16},"end":{"line":22,"column":32}},"loc":{"start":{"line":22,"column":39},"end":{"line":32,"column":null}},"line":22},"2":{"name":"mapHttpError","decl":{"start":{"line":35,"column":22},"end":{"line":35,"column":35}},"loc":{"start":{"line":35,"column":45},"end":{"line":52,"column":null}},"line":35}},"branchMap":{"0":{"loc":{"start":{"line":2,"column":2},"end":{"line":18,"column":null}},"type":"switch","locations":[{"start":{"line":3,"column":4},"end":{"line":4,"column":null}},{"start":{"line":5,"column":4},"end":{"line":6,"column":null}},{"start":{"line":7,"column":4},"end":{"line":8,"column":null}},{"start":{"line":9,"column":4},"end":{"line":10,"column":null}},{"start":{"line":11,"column":4},"end":{"line":12,"column":null}},{"start":{"line":13,"column":4},"end":{"line":14,"column":null}},{"start":{"line":15,"column":4},"end":{"line":16,"column":null}},{"start":{"line":17,"column":4},"end":{"line":18,"column":null}}],"line":2},"1":{"loc":{"start":{"line":23,"column":2},"end":{"line":26,"column":null}},"type":"if","locations":[{"start":{"line":23,"column":2},"end":{"line":26,"column":null}},{"start":{},"end":{}}],"line":23},"2":{"loc":{"start":{"line":45,"column":4},"end":{"line":47,"column":44}},"type":"binary-expr","locations":[{"start":{"line":45,"column":4},"end":{"line":45,"column":null}},{"start":{"line":46,"column":4},"end":{"line":46,"column":null}},{"start":{"line":47,"column":4},"end":{"line":47,"column":44}}],"line":45}},"s":{"0":2,"1":0,"2":0,"3":0,"4":1,"5":0,"6":0,"7":0,"8":1,"9":3,"10":1,"11":1,"12":1,"13":2,"14":2,"15":2,"16":2,"17":5,"18":5,"19":2,"20":5,"21":5,"22":5,"23":5,"24":5},"f":{"0":2,"1":3,"2":5},"b":{"0":[0,0,0,1,0,0,0,1],"1":[1,2],"2":[5,4,2]},"meta":{"lastBranch":3,"lastFunction":3,"lastStatement":25,"seen":{"f:1:9:1:32":0,"b:3:4:4:Infinity:5:4:6:Infinity:7:4:8:Infinity:9:4:10:Infinity:11:4:12:Infinity:13:4:14:Infinity:15:4:16:Infinity:17:4:18:Infinity":0,"s:2:2:18:Infinity":0,"s:4:6:4:Infinity":1,"s:6:6:6:Infinity":2,"s:8:6:8:Infinity":3,"s:10:6:10:Infinity":4,"s:12:6:12:Infinity":5,"s:14:6:14:Infinity":6,"s:16:6:16:Infinity":7,"s:18:6:18:Infinity":8,"f:22:16:22:32":1,"b:23:2:26:Infinity:undefined:undefined:undefined:undefined":1,"s:23:2:26:Infinity":9,"s:24:18:24:85":10,"s:25:4:25:Infinity":11,"s:26:4:26:Infinity":12,"s:29:23:29:87":13,"s:30:2:30:Infinity":14,"s:31:2:31:Infinity":15,"s:32:2:32:Infinity":16,"f:35:22:35:35":2,"s:38:2:41:Infinity":17,"s:39:4:39:Infinity":18,"s:41:4:41:Infinity":19,"s:45:4:47:44":20,"b:45:4:45:Infinity:46:4:46:Infinity:47:4:47:44":2,"s:49:16:49:34":21,"s:50:2:50:Infinity":22,"s:51:2:51:Infinity":23,"s:52:2:52:Infinity":24}}}
,"D:\\proyectos\\saasodontologico\\frontend\\react-app\\src\\services\\notifications\\notificationsService.js": {"path":"D:\\proyectos\\saasodontologico\\frontend\\react-app\\src\\services\\notifications\\notificationsService.js","statementMap":{"0":{"start":{"line":6,"column":2},"end":{"line":12,"column":null}},"1":{"start":{"line":16,"column":2},"end":{"line":22,"column":null}}},"fnMap":{"0":{"name":"sendEmailNotification","decl":{"start":{"line":5,"column":16},"end":{"line":5,"column":38}},"loc":{"start":{"line":5,"column":68},"end":{"line":12,"column":null}},"line":5},"1":{"name":"sendWhatsappNotification","decl":{"start":{"line":15,"column":16},"end":{"line":15,"column":41}},"loc":{"start":{"line":15,"column":71},"end":{"line":22,"column":null}},"line":15}},"branchMap":{},"s":{"0":1,"1":1},"f":{"0":1,"1":1},"b":{},"meta":{"lastBranch":0,"lastFunction":2,"lastStatement":2,"seen":{"f:5:16:5:38":0,"s:6:2:12:Infinity":0,"f:15:16:15:41":1,"s:16:2:22:Infinity":1}}}
,"D:\\proyectos\\saasodontologico\\frontend\\react-app\\src\\services\\storage\\sessionStorageService.js": {"path":"D:\\proyectos\\saasodontologico\\frontend\\react-app\\src\\services\\storage\\sessionStorageService.js","statementMap":{"0":{"start":{"line":1,"column":25},"end":{"line":1,"column":null}},"1":{"start":{"line":2,"column":22},"end":{"line":2,"column":null}},"2":{"start":{"line":5,"column":2},"end":{"line":8,"column":null}},"3":{"start":{"line":12,"column":2},"end":{"line":12,"column":null}},"4":{"start":{"line":13,"column":2},"end":{"line":13,"column":null}},"5":{"start":{"line":17,"column":2},"end":{"line":17,"column":null}},"6":{"start":{"line":18,"column":2},"end":{"line":18,"column":null}}},"fnMap":{"0":{"name":"getPersistedSession","decl":{"start":{"line":4,"column":16},"end":{"line":4,"column":38}},"loc":{"start":{"line":4,"column":38},"end":{"line":8,"column":null}},"line":4},"1":{"name":"persistSession","decl":{"start":{"line":11,"column":16},"end":{"line":11,"column":31}},"loc":{"start":{"line":11,"column":52},"end":{"line":13,"column":null}},"line":11},"2":{"name":"clearPersistedSession","decl":{"start":{"line":16,"column":16},"end":{"line":16,"column":40}},"loc":{"start":{"line":16,"column":40},"end":{"line":18,"column":null}},"line":16}},"branchMap":{"0":{"loc":{"start":{"line":6,"column":11},"end":{"line":6,"column":null}},"type":"binary-expr","locations":[{"start":{"line":6,"column":11},"end":{"line":6,"column":49}},{"start":{"line":6,"column":53},"end":{"line":6,"column":null}}],"line":6},"1":{"loc":{"start":{"line":7,"column":14},"end":{"line":7,"column":null}},"type":"binary-expr","locations":[{"start":{"line":7,"column":14},"end":{"line":7,"column":49}},{"start":{"line":7,"column":53},"end":{"line":7,"column":null}}],"line":7},"2":{"loc":{"start":{"line":12,"column":41},"end":{"line":12,"column":53}},"type":"binary-expr","locations":[{"start":{"line":12,"column":41},"end":{"line":12,"column":50}},{"start":{"line":12,"column":50},"end":{"line":12,"column":53}}],"line":12},"3":{"loc":{"start":{"line":13,"column":38},"end":{"line":13,"column":53}},"type":"binary-expr","locations":[{"start":{"line":13,"column":38},"end":{"line":13,"column":50}},{"start":{"line":13,"column":50},"end":{"line":13,"column":53}}],"line":13}},"s":{"0":2,"1":2,"2":3,"3":2,"4":2,"5":1,"6":1},"f":{"0":3,"1":2,"2":1},"b":{"0":[3,2],"1":[3,2],"2":[2,0],"3":[2,0]},"meta":{"lastBranch":4,"lastFunction":3,"lastStatement":7,"seen":{"s:1:25:1:Infinity":0,"s:2:22:2:Infinity":1,"f:4:16:4:38":0,"s:5:2:8:Infinity":2,"b:6:11:6:49:6:53:6:Infinity":0,"b:7:14:7:49:7:53:7:Infinity":1,"f:11:16:11:31":1,"s:12:2:12:Infinity":3,"b:12:41:12:50:12:50:12:53":2,"s:13:2:13:Infinity":4,"b:13:38:13:50:13:50:13:53":3,"f:16:16:16:40":2,"s:17:2:17:Infinity":5,"s:18:2:18:Infinity":6}}}
,"D:\\proyectos\\saasodontologico\\frontend\\react-app\\src\\services\\storage\\themeStorageService.js": {"path":"D:\\proyectos\\saasodontologico\\frontend\\react-app\\src\\services\\storage\\themeStorageService.js","statementMap":{"0":{"start":{"line":1,"column":18},"end":{"line":1,"column":null}},"1":{"start":{"line":2,"column":22},"end":{"line":2,"column":null}},"2":{"start":{"line":5,"column":2},"end":{"line":5,"column":null}},"3":{"start":{"line":9,"column":2},"end":{"line":9,"column":null}},"4":{"start":{"line":13,"column":2},"end":{"line":13,"column":null}}},"fnMap":{"0":{"name":"getPersistedTheme","decl":{"start":{"line":4,"column":16},"end":{"line":4,"column":36}},"loc":{"start":{"line":4,"column":36},"end":{"line":5,"column":null}},"line":4},"1":{"name":"persistTheme","decl":{"start":{"line":8,"column":16},"end":{"line":8,"column":29}},"loc":{"start":{"line":8,"column":36},"end":{"line":9,"column":null}},"line":8},"2":{"name":"applyTheme","decl":{"start":{"line":12,"column":16},"end":{"line":12,"column":27}},"loc":{"start":{"line":12,"column":34},"end":{"line":13,"column":null}},"line":12}},"branchMap":{"0":{"loc":{"start":{"line":5,"column":9},"end":{"line":5,"column":null}},"type":"binary-expr","locations":[{"start":{"line":5,"column":9},"end":{"line":5,"column":40}},{"start":{"line":5,"column":44},"end":{"line":5,"column":null}}],"line":5}},"s":{"0":2,"1":2,"2":5,"3":4,"4":4},"f":{"0":5,"1":4,"2":4},"b":{"0":[5,2]},"meta":{"lastBranch":1,"lastFunction":3,"lastStatement":5,"seen":{"s:1:18:1:Infinity":0,"s:2:22:2:Infinity":1,"f:4:16:4:36":0,"s:5:2:5:Infinity":2,"b:5:9:5:40:5:44:5:Infinity":0,"f:8:16:8:29":1,"s:9:2:9:Infinity":3,"f:12:16:12:27":2,"s:13:2:13:Infinity":4}}}
,"D:\\proyectos\\saasodontologico\\frontend\\react-app\\src\\state\\sessionStore.js": {"path":"D:\\proyectos\\saasodontologico\\frontend\\react-app\\src\\state\\sessionStore.js","statementMap":{"0":{"start":{"line":8,"column":6},"end":{"line":8,"column":44}},"1":{"start":{"line":10,"column":13},"end":{"line":28,"column":3}},"2":{"start":{"line":10,"column":48},"end":{"line":28,"column":3}},"3":{"start":{"line":14,"column":4},"end":{"line":14,"column":null}},"4":{"start":{"line":15,"column":4},"end":{"line":15,"column":null}},"5":{"start":{"line":18,"column":4},"end":{"line":18,"column":null}},"6":{"start":{"line":19,"column":4},"end":{"line":19,"column":null}},"7":{"start":{"line":22,"column":25},"end":{"line":22,"column":null}},"8":{"start":{"line":23,"column":4},"end":{"line":26,"column":null}},"9":{"start":{"line":24,"column":6},"end":{"line":24,"column":null}},"10":{"start":{"line":25,"column":6},"end":{"line":25,"column":null}}},"fnMap":{"0":{"name":"(anonymous_0)","decl":{"start":{"line":10,"column":31},"end":{"line":10,"column":39}},"loc":{"start":{"line":10,"column":48},"end":{"line":28,"column":3}},"line":10},"1":{"name":"(anonymous_1)","decl":{"start":{"line":13,"column":2},"end":{"line":13,"column":15}},"loc":{"start":{"line":13,"column":39},"end":{"line":15,"column":null}},"line":13},"2":{"name":"(anonymous_2)","decl":{"start":{"line":17,"column":2},"end":{"line":17,"column":22}},"loc":{"start":{"line":17,"column":22},"end":{"line":19,"column":null}},"line":17},"3":{"name":"(anonymous_3)","decl":{"start":{"line":21,"column":2},"end":{"line":21,"column":16}},"loc":{"start":{"line":21,"column":29},"end":{"line":26,"column":null}},"line":21},"4":{"name":"(anonymous_4)","decl":{"start":{"line":23,"column":4},"end":{"line":23,"column":9}},"loc":{"start":{"line":23,"column":19},"end":{"line":26,"column":null}},"line":23}},"branchMap":{"0":{"loc":{"start":{"line":22,"column":25},"end":{"line":22,"column":null}},"type":"binary-expr","locations":[{"start":{"line":22,"column":25},"end":{"line":22,"column":37}},{"start":{"line":22,"column":37},"end":{"line":22,"column":null}}],"line":22}},"s":{"0":5,"1":5,"2":5,"3":3,"4":3,"5":1,"6":1,"7":1,"8":1,"9":1,"10":1},"f":{"0":5,"1":3,"2":1,"3":1,"4":1},"b":{"0":[1,0]},"meta":{"lastBranch":1,"lastFunction":5,"lastStatement":11,"seen":{"s:8:6:8:44":0,"s:10:13:28:3":1,"f:10:31:10:39":0,"s:10:48:28:3":2,"f:13:2:13:15":1,"s:14:4:14:Infinity":3,"s:15:4:15:Infinity":4,"f:17:2:17:22":2,"s:18:4:18:Infinity":5,"s:19:4:19:Infinity":6,"f:21:2:21:16":3,"s:22:25:22:Infinity":7,"b:22:25:22:37:22:37:22:Infinity":0,"s:23:4:26:Infinity":8,"f:23:4:23:9":4,"s:24:6:24:Infinity":9,"s:25:6:25:Infinity":10}}}
}
